2016-05-09 23:01:40,605 [Worker-9] INFO  o.e.m.c.i.l.LifecycleMappingFactory - Using NULL lifecycle mapping for MavenProject: br.com.alura.trilhajava:TrilhaJava-Parent:0.0.1-SNAPSHOT @ D:\Profissional\Curso Alura\TrilhaJava-Alura\TrilhaJava-Parent\pom.xml.
2016-05-09 23:01:41,191 [Worker-9] INFO  o.e.m.c.i.l.LifecycleMappingFactory - Using org.eclipse.m2e.jdt.JarLifecycleMapping lifecycle mapping for MavenProject: br.com.alura.trilhajava:TrilhaJava-JavaI:0.0.1-SNAPSHOT @ D:\Profissional\Curso Alura\TrilhaJava-Alura\TrilhaJava-Parent\TrilhaJava-JavaI\pom.xml.
2016-05-09 23:01:41,239 [Worker-9] INFO  o.e.m.c.i.l.LifecycleMappingFactory - Using org.eclipse.m2e.jdt.JarLifecycleMapping lifecycle mapping for MavenProject: br.com.alura.trilhajava:TrilhaJava-JavaII:0.0.1-SNAPSHOT @ D:\Profissional\Curso Alura\TrilhaJava-Alura\TrilhaJava-Parent\TrilhaJava-JavaII\pom.xml.
2016-05-09 23:01:41,283 [Worker-9] INFO  o.e.m.c.i.l.LifecycleMappingFactory - Using org.eclipse.m2e.jdt.JarLifecycleMapping lifecycle mapping for MavenProject: br.com.alura.trilhajava:TrilhaJava-JavaIII:0.0.1-SNAPSHOT @ D:\Profissional\Curso Alura\TrilhaJava-Alura\TrilhaJava-Parent\TrilhaJava-JavaIII\pom.xml.
2016-05-09 23:01:42,137 [Worker-9] INFO  o.e.m.j.i.AbstractJavaProjectConfigurator - Adding source folder /TrilhaJava-JavaI/src/main/java
2016-05-09 23:01:42,138 [Worker-9] INFO  o.e.m.j.i.AbstractJavaProjectConfigurator - Adding source folder /TrilhaJava-JavaI/src/test/java
2016-05-09 23:01:42,233 [Worker-9] INFO  o.e.m.j.i.AbstractJavaProjectConfigurator - Adding source folder /TrilhaJava-JavaIII/src/main/java
2016-05-09 23:01:42,234 [Worker-9] INFO  o.e.m.j.i.AbstractJavaProjectConfigurator - Adding source folder /TrilhaJava-JavaIII/src/test/java
2016-05-09 23:01:42,277 [Worker-9] INFO  o.e.m.j.i.AbstractJavaProjectConfigurator - Adding source folder /TrilhaJava-JavaII/src/main/java
2016-05-09 23:01:42,278 [Worker-9] INFO  o.e.m.j.i.AbstractJavaProjectConfigurator - Adding source folder /TrilhaJava-JavaII/src/test/java
2016-05-09 23:01:42,377 [Worker-9] INFO  o.e.m.c.i.p.ProjectConfigurationManager - Imported and configured 4 project(s) in 2 sec
2016-05-09 23:01:44,009 [Worker-2] INFO  o.e.m.c.i.embedder.EclipseLogger - Using 'UTF-8' encoding to copy filtered resources.
2016-05-09 23:01:44,009 [Worker-2] INFO  o.e.m.c.i.embedder.EclipseLogger - skip non existing resourceDirectory D:\Profissional\Curso Alura\TrilhaJava-Alura\TrilhaJava-Parent\TrilhaJava-JavaI\src\main\resources
2016-05-09 23:01:44,011 [Worker-2] INFO  o.e.m.c.i.embedder.EclipseLogger - Using 'UTF-8' encoding to copy filtered resources.
2016-05-09 23:01:44,011 [Worker-2] INFO  o.e.m.c.i.embedder.EclipseLogger - skip non existing resourceDirectory D:\Profissional\Curso Alura\TrilhaJava-Alura\TrilhaJava-Parent\TrilhaJava-JavaI\src\test\resources
2016-05-09 23:01:44,168 [Worker-2] INFO  o.e.m.c.i.embedder.EclipseLogger - Using 'UTF-8' encoding to copy filtered resources.
2016-05-09 23:01:44,168 [Worker-2] INFO  o.e.m.c.i.embedder.EclipseLogger - skip non existing resourceDirectory D:\Profissional\Curso Alura\TrilhaJava-Alura\TrilhaJava-Parent\TrilhaJava-JavaII\src\main\resources
2016-05-09 23:01:44,169 [Worker-2] INFO  o.e.m.c.i.embedder.EclipseLogger - Using 'UTF-8' encoding to copy filtered resources.
2016-05-09 23:01:44,169 [Worker-2] INFO  o.e.m.c.i.embedder.EclipseLogger - skip non existing resourceDirectory D:\Profissional\Curso Alura\TrilhaJava-Alura\TrilhaJava-Parent\TrilhaJava-JavaII\src\test\resources
2016-05-09 23:01:44,387 [Worker-2] INFO  o.e.m.c.i.embedder.EclipseLogger - Using 'UTF-8' encoding to copy filtered resources.
2016-05-09 23:01:44,387 [Worker-2] INFO  o.e.m.c.i.embedder.EclipseLogger - skip non existing resourceDirectory D:\Profissional\Curso Alura\TrilhaJava-Alura\TrilhaJava-Parent\TrilhaJava-JavaIII\src\main\resources
2016-05-09 23:01:44,388 [Worker-2] INFO  o.e.m.c.i.embedder.EclipseLogger - Using 'UTF-8' encoding to copy filtered resources.
2016-05-09 23:01:44,388 [Worker-2] INFO  o.e.m.c.i.embedder.EclipseLogger - skip non existing resourceDirectory D:\Profissional\Curso Alura\TrilhaJava-Alura\TrilhaJava-Parent\TrilhaJava-JavaIII\src\test\resources
2016-05-09 23:33:46,804 [Worker-7] INFO  o.e.m.c.i.p.ProjectConfigurationManager - Collecting project info '/pom.xml' D:\Profissional\Curso Alura\TrilhaJava-Alura\TrilhaJava-Parent\TrilhaJava-Solid\pom.xml
2016-05-09 23:33:46,904 [Worker-7] INFO  o.e.m.c.i.l.LifecycleMappingFactory - Using org.eclipse.m2e.jdt.JarLifecycleMapping lifecycle mapping for MavenProject: br.com.alura.trilhajava:TrilhaJava-Solid:0.0.1-SNAPSHOT @ D:\Profissional\Curso Alura\TrilhaJava-Alura\TrilhaJava-Parent\TrilhaJava-Solid\pom.xml.
2016-05-09 23:33:47,039 [Worker-7] INFO  o.e.m.j.i.AbstractJavaProjectConfigurator - Adding source folder /TrilhaJava-Solid/src/main/java
2016-05-09 23:33:47,044 [Worker-7] INFO  o.e.m.j.i.AbstractJavaProjectConfigurator - Adding source folder /TrilhaJava-Solid/src/test/java
2016-05-09 23:33:47,088 [Worker-7] INFO  o.e.m.c.i.p.ProjectConfigurationManager - Imported and configured 1 project(s) in 0 sec
2016-05-09 23:33:47,478 [Worker-4] INFO  o.e.m.c.i.embedder.EclipseLogger - Using 'UTF-8' encoding to copy filtered resources.
2016-05-09 23:33:47,478 [Worker-4] INFO  o.e.m.c.i.embedder.EclipseLogger - skip non existing resourceDirectory D:\Profissional\Curso Alura\TrilhaJava-Alura\TrilhaJava-Parent\TrilhaJava-Solid\src\main\resources
2016-05-09 23:33:47,479 [Worker-4] INFO  o.e.m.c.i.embedder.EclipseLogger - Using 'UTF-8' encoding to copy filtered resources.
2016-05-09 23:33:47,480 [Worker-4] INFO  o.e.m.c.i.embedder.EclipseLogger - skip non existing resourceDirectory D:\Profissional\Curso Alura\TrilhaJava-Alura\TrilhaJava-Parent\TrilhaJava-Solid\src\test\resources
2016-05-09 23:33:49,027 [Worker-7] INFO  o.e.m.c.i.l.LifecycleMappingFactory - Using org.eclipse.m2e.jdt.JarLifecycleMapping lifecycle mapping for MavenProject: br.com.alura.trilhajava:TrilhaJava-JavaII:0.0.1-SNAPSHOT @ D:\Profissional\Curso Alura\TrilhaJava-Alura\TrilhaJava-Parent\TrilhaJava-JavaII\pom.xml.
2016-05-09 23:33:49,081 [Worker-7] INFO  o.e.m.c.i.l.LifecycleMappingFactory - Using org.eclipse.m2e.jdt.JarLifecycleMapping lifecycle mapping for MavenProject: br.com.alura.trilhajava:TrilhaJava-JavaIII:0.0.1-SNAPSHOT @ D:\Profissional\Curso Alura\TrilhaJava-Alura\TrilhaJava-Parent\TrilhaJava-JavaIII\pom.xml.
2016-05-09 23:33:49,144 [Worker-7] INFO  o.e.m.c.i.l.LifecycleMappingFactory - Using org.eclipse.m2e.jdt.JarLifecycleMapping lifecycle mapping for MavenProject: br.com.alura.trilhajava:TrilhaJava-JavaI:0.0.1-SNAPSHOT @ D:\Profissional\Curso Alura\TrilhaJava-Alura\TrilhaJava-Parent\TrilhaJava-JavaI\pom.xml.
2016-05-09 23:33:49,211 [Worker-7] INFO  o.e.m.c.i.l.LifecycleMappingFactory - Using org.eclipse.m2e.jdt.JarLifecycleMapping lifecycle mapping for MavenProject: br.com.alura.trilhajava:TrilhaJava-Solid:0.0.1-SNAPSHOT @ D:\Profissional\Curso Alura\TrilhaJava-Alura\TrilhaJava-Parent\TrilhaJava-Solid\pom.xml.
2016-05-09 23:33:49,918 [Worker-7] INFO  o.e.m.c.i.embedder.EclipseLogger - Using 'UTF-8' encoding to copy filtered resources.
2016-05-09 23:33:49,918 [Worker-7] INFO  o.e.m.c.i.embedder.EclipseLogger - skip non existing resourceDirectory D:\Profissional\Curso Alura\TrilhaJava-Alura\TrilhaJava-Parent\TrilhaJava-Solid\src\main\resources
2016-05-09 23:33:49,920 [Worker-7] INFO  o.e.m.c.i.embedder.EclipseLogger - Using 'UTF-8' encoding to copy filtered resources.
2016-05-09 23:33:49,920 [Worker-7] INFO  o.e.m.c.i.embedder.EclipseLogger - skip non existing resourceDirectory D:\Profissional\Curso Alura\TrilhaJava-Alura\TrilhaJava-Parent\TrilhaJava-Solid\src\test\resources
2016-05-09 23:33:50,988 [Worker-4] INFO  o.e.m.c.i.embedder.EclipseLogger - Using 'UTF-8' encoding to copy filtered resources.
2016-05-09 23:33:50,988 [Worker-4] INFO  o.e.m.c.i.embedder.EclipseLogger - skip non existing resourceDirectory D:\Profissional\Curso Alura\TrilhaJava-Alura\TrilhaJava-Parent\TrilhaJava-JavaI\src\main\resources
2016-05-09 23:33:50,989 [Worker-4] INFO  o.e.m.c.i.embedder.EclipseLogger - Using 'UTF-8' encoding to copy filtered resources.
2016-05-09 23:33:50,989 [Worker-4] INFO  o.e.m.c.i.embedder.EclipseLogger - skip non existing resourceDirectory D:\Profissional\Curso Alura\TrilhaJava-Alura\TrilhaJava-Parent\TrilhaJava-JavaI\src\test\resources
2016-05-09 23:33:51,004 [Worker-4] INFO  o.e.m.c.i.embedder.EclipseLogger - Using 'UTF-8' encoding to copy filtered resources.
2016-05-09 23:33:51,004 [Worker-4] INFO  o.e.m.c.i.embedder.EclipseLogger - skip non existing resourceDirectory D:\Profissional\Curso Alura\TrilhaJava-Alura\TrilhaJava-Parent\TrilhaJava-JavaII\src\main\resources
2016-05-09 23:33:51,005 [Worker-4] INFO  o.e.m.c.i.embedder.EclipseLogger - Using 'UTF-8' encoding to copy filtered resources.
2016-05-09 23:33:51,005 [Worker-4] INFO  o.e.m.c.i.embedder.EclipseLogger - skip non existing resourceDirectory D:\Profissional\Curso Alura\TrilhaJava-Alura\TrilhaJava-Parent\TrilhaJava-JavaII\src\test\resources
2016-05-09 23:33:51,019 [Worker-4] INFO  o.e.m.c.i.embedder.EclipseLogger - Using 'UTF-8' encoding to copy filtered resources.
2016-05-09 23:33:51,019 [Worker-4] INFO  o.e.m.c.i.embedder.EclipseLogger - skip non existing resourceDirectory D:\Profissional\Curso Alura\TrilhaJava-Alura\TrilhaJava-Parent\TrilhaJava-JavaIII\src\main\resources
2016-05-09 23:33:51,020 [Worker-4] INFO  o.e.m.c.i.embedder.EclipseLogger - Using 'UTF-8' encoding to copy filtered resources.
2016-05-09 23:33:51,020 [Worker-4] INFO  o.e.m.c.i.embedder.EclipseLogger - skip non existing resourceDirectory D:\Profissional\Curso Alura\TrilhaJava-Alura\TrilhaJava-Parent\TrilhaJava-JavaIII\src\test\resources
2016-05-09 23:33:53,723 [Worker-9] ERROR o.e.m.c.i.p.r.ProjectRegistryManager - Failed to read Maven project: For artifact {null:null:null:jar}: The groupId cannot be empty.
org.apache.maven.artifact.InvalidArtifactRTException: For artifact {null:null:null:jar}: The groupId cannot be empty.
	at org.apache.maven.artifact.DefaultArtifact.validateIdentity(DefaultArtifact.java:130) ~[maven-artifact-3.3.3.jar:3.3.3]
	at org.apache.maven.artifact.DefaultArtifact.<init>(DefaultArtifact.java:123) ~[maven-artifact-3.3.3.jar:3.3.3]
	at org.apache.maven.bridge.MavenRepositorySystem.XcreateArtifact(MavenRepositorySystem.java:564) ~[maven-core-3.3.3.jar:3.3.3]
	at org.apache.maven.bridge.MavenRepositorySystem.XcreateArtifact(MavenRepositorySystem.java:524) ~[maven-core-3.3.3.jar:3.3.3]
	at org.apache.maven.bridge.MavenRepositorySystem.XcreateArtifact(MavenRepositorySystem.java:518) ~[maven-core-3.3.3.jar:3.3.3]
	at org.apache.maven.bridge.MavenRepositorySystem.XcreateArtifact(MavenRepositorySystem.java:476) ~[maven-core-3.3.3.jar:3.3.3]
	at org.apache.maven.bridge.MavenRepositorySystem.createArtifact(MavenRepositorySystem.java:79) ~[maven-core-3.3.3.jar:3.3.3]
	at org.apache.maven.project.DefaultProjectBuilder.initProject(DefaultProjectBuilder.java:704) ~[maven-core-3.3.3.jar:3.3.3]
	at org.apache.maven.project.DefaultProjectBuilder.build(DefaultProjectBuilder.java:176) ~[maven-core-3.3.3.jar:3.3.3]
	at org.apache.maven.project.DefaultProjectBuilder.build(DefaultProjectBuilder.java:119) ~[maven-core-3.3.3.jar:3.3.3]
	at org.eclipse.m2e.core.internal.embedder.MavenImpl.readMavenProject(MavenImpl.java:636) ~[org.eclipse.m2e.core_1.6.2.20150902-0002.jar:na]
	at org.eclipse.m2e.core.internal.project.registry.ProjectRegistryManager$5.call(ProjectRegistryManager.java:815) ~[org.eclipse.m2e.core_1.6.2.20150902-0002.jar:na]
	at org.eclipse.m2e.core.internal.project.registry.ProjectRegistryManager$5.call(ProjectRegistryManager.java:1) ~[org.eclipse.m2e.core_1.6.2.20150902-0002.jar:na]
	at org.eclipse.m2e.core.internal.embedder.MavenExecutionContext.executeBare(MavenExecutionContext.java:176) ~[org.eclipse.m2e.core_1.6.2.20150902-0002.jar:na]
	at org.eclipse.m2e.core.internal.embedder.MavenExecutionContext.execute(MavenExecutionContext.java:151) ~[org.eclipse.m2e.core_1.6.2.20150902-0002.jar:na]
	at org.eclipse.m2e.core.internal.embedder.MavenExecutionContext.execute(MavenExecutionContext.java:99) ~[org.eclipse.m2e.core_1.6.2.20150902-0002.jar:na]
	at org.eclipse.m2e.core.internal.project.registry.ProjectRegistryManager.execute(ProjectRegistryManager.java:956) ~[org.eclipse.m2e.core_1.6.2.20150902-0002.jar:na]
	at org.eclipse.m2e.core.internal.project.registry.ProjectRegistryManager.readProjectWithDependencies(ProjectRegistryManager.java:811) ~[org.eclipse.m2e.core_1.6.2.20150902-0002.jar:na]
	at org.eclipse.m2e.core.internal.project.registry.ProjectRegistryManager.create(ProjectRegistryManager.java:191) ~[org.eclipse.m2e.core_1.6.2.20150902-0002.jar:na]
	at org.eclipse.m2e.core.internal.project.registry.MavenProjectManager.create(MavenProjectManager.java:80) [org.eclipse.m2e.core_1.6.2.20150902-0002.jar:na]
	at org.eclipse.m2e.core.ui.internal.actions.SelectionUtil.getMavenProject(SelectionUtil.java:259) [org.eclipse.m2e.core.ui_1.6.2.20150902-0002.jar:na]
	at org.eclipse.m2e.editor.pom.MavenPomEditor.readMavenProject(MavenPomEditor.java:729) [org.eclipse.m2e.editor_1.6.2.20150902-0002.jar:na]
	at org.eclipse.m2e.editor.pom.MavenPomEditor$5.run(MavenPomEditor.java:1050) [org.eclipse.m2e.editor_1.6.2.20150902-0002.jar:na]
	at org.eclipse.core.internal.jobs.Worker.run(Worker.java:55) [org.eclipse.core.jobs_3.7.0.v20150330-2103.jar:na]
2016-05-09 23:34:33,517 [Worker-15] INFO  o.e.m.c.i.l.LifecycleMappingFactory - Using org.eclipse.m2e.jdt.JarLifecycleMapping lifecycle mapping for MavenProject: br.com.alura.trilhajava:TrilhaJava-Solid:0.0.1-SNAPSHOT @ D:\Profissional\Curso Alura\TrilhaJava-Alura\TrilhaJava-Parent\TrilhaJava-Solid\pom.xml.
2016-05-09 23:34:33,555 [Worker-15] INFO  o.e.m.c.i.embedder.EclipseLogger - Using 'UTF-8' encoding to copy filtered resources.
2016-05-09 23:34:33,555 [Worker-15] INFO  o.e.m.c.i.embedder.EclipseLogger - skip non existing resourceDirectory D:\Profissional\Curso Alura\TrilhaJava-Alura\TrilhaJava-Parent\TrilhaJava-Solid\src\main\resources
2016-05-09 23:34:33,556 [Worker-15] INFO  o.e.m.c.i.embedder.EclipseLogger - Using 'UTF-8' encoding to copy filtered resources.
2016-05-09 23:34:33,556 [Worker-15] INFO  o.e.m.c.i.embedder.EclipseLogger - skip non existing resourceDirectory D:\Profissional\Curso Alura\TrilhaJava-Alura\TrilhaJava-Parent\TrilhaJava-Solid\src\test\resources
2016-05-09 23:35:31,400 [Worker-15] WARN  o.e.m.c.i.embedder.EclipseLogger - Failed to build parent project for br.com.alura.trilhajava:TrilhaJava-JavaII:jar:0.0.1-SNAPSHOT
2016-05-09 23:35:31,414 [Worker-15] WARN  o.e.m.c.i.embedder.EclipseLogger - Failed to build parent project for br.com.alura.trilhajava:TrilhaJava-JavaIII:jar:0.0.1-SNAPSHOT
2016-05-09 23:35:31,429 [Worker-15] WARN  o.e.m.c.i.embedder.EclipseLogger - Failed to build parent project for br.com.alura.trilhajava:TrilhaJava-JavaI:jar:0.0.1-SNAPSHOT
2016-05-09 23:35:31,448 [Worker-15] WARN  o.e.m.c.i.embedder.EclipseLogger - Failed to build parent project for br.com.alura.trilhajava:TrilhaJava-Solid:jar:0.0.1-SNAPSHOT
2016-05-09 23:35:31,790 [Worker-15] INFO  o.e.m.c.i.l.LifecycleMappingFactory - Using org.eclipse.m2e.jdt.JarLifecycleMapping lifecycle mapping for MavenProject: br.com.alura.trilhajava:TrilhaJava-Parent:0.0.1-SNAPSHOT @ D:\Profissional\Curso Alura\TrilhaJava-Alura\TrilhaJava-Parent\pom.xml.
2016-05-09 23:35:31,793 [Worker-15] ERROR o.e.m.c.internal.embedder.MavenImpl - Could not read parent project
org.apache.maven.project.ProjectBuildingException: Some problems were encountered while processing the POMs:
[ERROR] 'packaging' with value 'jar' is invalid. Aggregator projects require 'pom' as packaging. @ line 4, column 101

	at org.apache.maven.project.DefaultProjectBuilder.build(DefaultProjectBuilder.java:195) ~[maven-core-3.3.3.jar:3.3.3]
	at org.apache.maven.project.DefaultProjectBuilder.build(DefaultProjectBuilder.java:119) ~[maven-core-3.3.3.jar:3.3.3]
	at org.eclipse.m2e.core.internal.embedder.MavenImpl.resolveParentProject(MavenImpl.java:683) [org.eclipse.m2e.core_1.6.2.20150902-0002.jar:na]
	at org.eclipse.m2e.core.internal.embedder.MavenImpl$4.call(MavenImpl.java:709) [org.eclipse.m2e.core_1.6.2.20150902-0002.jar:na]
	at org.eclipse.m2e.core.internal.embedder.MavenImpl$4.call(MavenImpl.java:1) [org.eclipse.m2e.core_1.6.2.20150902-0002.jar:na]
	at org.eclipse.m2e.core.internal.embedder.MavenExecutionContext.executeBare(MavenExecutionContext.java:176) [org.eclipse.m2e.core_1.6.2.20150902-0002.jar:na]
	at org.eclipse.m2e.core.internal.embedder.MavenExecutionContext.execute(MavenExecutionContext.java:112) [org.eclipse.m2e.core_1.6.2.20150902-0002.jar:na]
	at org.eclipse.m2e.core.internal.embedder.MavenImpl.resolveParentProject(MavenImpl.java:707) [org.eclipse.m2e.core_1.6.2.20150902-0002.jar:na]
	at org.eclipse.m2e.core.internal.lifecyclemapping.LifecycleMappingFactory.getPomMappingMetadataSources(LifecycleMappingFactory.java:834) [org.eclipse.m2e.core_1.6.2.20150902-0002.jar:na]
	at org.eclipse.m2e.core.internal.lifecyclemapping.LifecycleMappingFactory.getProjectMetadataSourcesMap(LifecycleMappingFactory.java:276) [org.eclipse.m2e.core_1.6.2.20150902-0002.jar:na]
	at org.eclipse.m2e.core.internal.lifecyclemapping.LifecycleMappingFactory.getProjectMetadataSources(LifecycleMappingFactory.java:254) [org.eclipse.m2e.core_1.6.2.20150902-0002.jar:na]
	at org.eclipse.m2e.core.internal.lifecyclemapping.LifecycleMappingFactory.calculateEffectiveLifecycleMappingMetadata(LifecycleMappingFactory.java:238) [org.eclipse.m2e.core_1.6.2.20150902-0002.jar:na]
	at org.eclipse.m2e.core.internal.lifecyclemapping.LifecycleMappingFactory.calculateLifecycleMapping(LifecycleMappingFactory.java:179) [org.eclipse.m2e.core_1.6.2.20150902-0002.jar:na]
	at org.eclipse.m2e.core.internal.project.registry.ProjectRegistryManager.setupLifecycleMapping(ProjectRegistryManager.java:593) [org.eclipse.m2e.core_1.6.2.20150902-0002.jar:na]
	at org.eclipse.m2e.core.internal.project.registry.ProjectRegistryManager.refreshPhase2(ProjectRegistryManager.java:512) [org.eclipse.m2e.core_1.6.2.20150902-0002.jar:na]
	at org.eclipse.m2e.core.internal.project.registry.ProjectRegistryManager$3.call(ProjectRegistryManager.java:491) [org.eclipse.m2e.core_1.6.2.20150902-0002.jar:na]
	at org.eclipse.m2e.core.internal.project.registry.ProjectRegistryManager$3.call(ProjectRegistryManager.java:1) [org.eclipse.m2e.core_1.6.2.20150902-0002.jar:na]
	at org.eclipse.m2e.core.internal.embedder.MavenExecutionContext.executeBare(MavenExecutionContext.java:176) [org.eclipse.m2e.core_1.6.2.20150902-0002.jar:na]
	at org.eclipse.m2e.core.internal.embedder.MavenExecutionContext.execute(MavenExecutionContext.java:151) [org.eclipse.m2e.core_1.6.2.20150902-0002.jar:na]
	at org.eclipse.m2e.core.internal.project.registry.ProjectRegistryManager.refresh(ProjectRegistryManager.java:495) [org.eclipse.m2e.core_1.6.2.20150902-0002.jar:na]
	at org.eclipse.m2e.core.internal.project.registry.ProjectRegistryManager.refresh(ProjectRegistryManager.java:350) [org.eclipse.m2e.core_1.6.2.20150902-0002.jar:na]
	at org.eclipse.m2e.core.internal.project.registry.ProjectRegistryManager.refresh(ProjectRegistryManager.java:297) [org.eclipse.m2e.core_1.6.2.20150902-0002.jar:na]
	at org.eclipse.m2e.core.internal.builder.MavenBuilder$BuildMethod.getProjectFacade(MavenBuilder.java:154) [org.eclipse.m2e.core_1.6.2.20150902-0002.jar:na]
	at org.eclipse.m2e.core.internal.builder.MavenBuilder$BuildMethod$1.call(MavenBuilder.java:89) [org.eclipse.m2e.core_1.6.2.20150902-0002.jar:na]
	at org.eclipse.m2e.core.internal.embedder.MavenExecutionContext.executeBare(MavenExecutionContext.java:176) [org.eclipse.m2e.core_1.6.2.20150902-0002.jar:na]
	at org.eclipse.m2e.core.internal.embedder.MavenExecutionContext.execute(MavenExecutionContext.java:151) [org.eclipse.m2e.core_1.6.2.20150902-0002.jar:na]
	at org.eclipse.m2e.core.internal.embedder.MavenExecutionContext.execute(MavenExecutionContext.java:99) [org.eclipse.m2e.core_1.6.2.20150902-0002.jar:na]
	at org.eclipse.m2e.core.internal.builder.MavenBuilder$BuildMethod.execute(MavenBuilder.java:86) [org.eclipse.m2e.core_1.6.2.20150902-0002.jar:na]
	at org.eclipse.m2e.core.internal.builder.MavenBuilder.build(MavenBuilder.java:200) [org.eclipse.m2e.core_1.6.2.20150902-0002.jar:na]
	at org.eclipse.core.internal.events.BuildManager$2.run(BuildManager.java:734) [org.eclipse.core.resources_3.10.1.v20150725-1910.jar:na]
	at org.eclipse.core.runtime.SafeRunner.run(SafeRunner.java:42) [org.eclipse.equinox.common_3.7.0.v20150402-1709.jar:na]
	at org.eclipse.core.internal.events.BuildManager.basicBuild(BuildManager.java:205) [org.eclipse.core.resources_3.10.1.v20150725-1910.jar:na]
	at org.eclipse.core.internal.events.BuildManager.basicBuild(BuildManager.java:245) [org.eclipse.core.resources_3.10.1.v20150725-1910.jar:na]
	at org.eclipse.core.internal.events.BuildManager$1.run(BuildManager.java:300) [org.eclipse.core.resources_3.10.1.v20150725-1910.jar:na]
	at org.eclipse.core.runtime.SafeRunner.run(SafeRunner.java:42) [org.eclipse.equinox.common_3.7.0.v20150402-1709.jar:na]
	at org.eclipse.core.internal.events.BuildManager.basicBuild(BuildManager.java:303) [org.eclipse.core.resources_3.10.1.v20150725-1910.jar:na]
	at org.eclipse.core.internal.events.BuildManager.basicBuildLoop(BuildManager.java:359) [org.eclipse.core.resources_3.10.1.v20150725-1910.jar:na]
	at org.eclipse.core.internal.events.BuildManager.build(BuildManager.java:382) [org.eclipse.core.resources_3.10.1.v20150725-1910.jar:na]
	at org.eclipse.core.internal.events.AutoBuildJob.doBuild(AutoBuildJob.java:144) [org.eclipse.core.resources_3.10.1.v20150725-1910.jar:na]
	at org.eclipse.core.internal.events.AutoBuildJob.run(AutoBuildJob.java:235) [org.eclipse.core.resources_3.10.1.v20150725-1910.jar:na]
	at org.eclipse.core.internal.jobs.Worker.run(Worker.java:55) [org.eclipse.core.jobs_3.7.0.v20150330-2103.jar:na]
Caused by: org.apache.maven.model.building.ModelBuildingException: 1 problem was encountered while building the effective model for br.com.alura.trilhajava:TrilhaJava-Parent:0.0.1-SNAPSHOT
[ERROR] 'packaging' with value 'jar' is invalid. Aggregator projects require 'pom' as packaging. @ line 4, column 101

	at org.apache.maven.model.building.DefaultModelProblemCollector.newModelBuildingException(DefaultModelProblemCollector.java:197) ~[maven-model-builder-3.3.3.jar:3.3.3]
	at org.apache.maven.model.building.DefaultModelBuilder.build(DefaultModelBuilder.java:475) ~[maven-model-builder-3.3.3.jar:3.3.3]
	at org.apache.maven.model.building.DefaultModelBuilder.build(DefaultModelBuilder.java:417) ~[maven-model-builder-3.3.3.jar:3.3.3]
	at org.apache.maven.model.building.DefaultModelBuilder.build(DefaultModelBuilder.java:407) ~[maven-model-builder-3.3.3.jar:3.3.3]
	at org.apache.maven.project.DefaultProjectBuilder.build(DefaultProjectBuilder.java:161) ~[maven-core-3.3.3.jar:3.3.3]
	... 40 common frames omitted
2016-05-09 23:35:31,842 [Worker-15] INFO  o.e.m.c.i.l.LifecycleMappingFactory - Using org.eclipse.m2e.jdt.JarLifecycleMapping lifecycle mapping for MavenProject: br.com.alura.trilhajava:TrilhaJava-JavaII:0.0.1-SNAPSHOT @ D:\Profissional\Curso Alura\TrilhaJava-Alura\TrilhaJava-Parent\TrilhaJava-JavaII\pom.xml.
2016-05-09 23:35:31,846 [Worker-15] ERROR o.e.m.c.internal.embedder.MavenImpl - Could not read parent project
org.apache.maven.project.ProjectBuildingException: Some problems were encountered while processing the POMs:
[ERROR] 'packaging' with value 'jar' is invalid. Aggregator projects require 'pom' as packaging. @ line 4, column 101

	at org.apache.maven.project.DefaultProjectBuilder.build(DefaultProjectBuilder.java:195) ~[maven-core-3.3.3.jar:3.3.3]
	at org.apache.maven.project.DefaultProjectBuilder.build(DefaultProjectBuilder.java:119) ~[maven-core-3.3.3.jar:3.3.3]
	at org.eclipse.m2e.core.internal.embedder.MavenImpl.resolveParentProject(MavenImpl.java:683) [org.eclipse.m2e.core_1.6.2.20150902-0002.jar:na]
	at org.eclipse.m2e.core.internal.embedder.MavenImpl$4.call(MavenImpl.java:709) [org.eclipse.m2e.core_1.6.2.20150902-0002.jar:na]
	at org.eclipse.m2e.core.internal.embedder.MavenImpl$4.call(MavenImpl.java:1) [org.eclipse.m2e.core_1.6.2.20150902-0002.jar:na]
	at org.eclipse.m2e.core.internal.embedder.MavenExecutionContext.executeBare(MavenExecutionContext.java:176) [org.eclipse.m2e.core_1.6.2.20150902-0002.jar:na]
	at org.eclipse.m2e.core.internal.embedder.MavenExecutionContext.execute(MavenExecutionContext.java:112) [org.eclipse.m2e.core_1.6.2.20150902-0002.jar:na]
	at org.eclipse.m2e.core.internal.embedder.MavenImpl.resolveParentProject(MavenImpl.java:707) [org.eclipse.m2e.core_1.6.2.20150902-0002.jar:na]
	at org.eclipse.m2e.core.internal.lifecyclemapping.LifecycleMappingFactory.getPomMappingMetadataSources(LifecycleMappingFactory.java:834) [org.eclipse.m2e.core_1.6.2.20150902-0002.jar:na]
	at org.eclipse.m2e.core.internal.lifecyclemapping.LifecycleMappingFactory.getProjectMetadataSourcesMap(LifecycleMappingFactory.java:276) [org.eclipse.m2e.core_1.6.2.20150902-0002.jar:na]
	at org.eclipse.m2e.core.internal.lifecyclemapping.LifecycleMappingFactory.getProjectMetadataSources(LifecycleMappingFactory.java:254) [org.eclipse.m2e.core_1.6.2.20150902-0002.jar:na]
	at org.eclipse.m2e.core.internal.lifecyclemapping.LifecycleMappingFactory.calculateEffectiveLifecycleMappingMetadata(LifecycleMappingFactory.java:238) [org.eclipse.m2e.core_1.6.2.20150902-0002.jar:na]
	at org.eclipse.m2e.core.internal.lifecyclemapping.LifecycleMappingFactory.calculateLifecycleMapping(LifecycleMappingFactory.java:179) [org.eclipse.m2e.core_1.6.2.20150902-0002.jar:na]
	at org.eclipse.m2e.core.internal.project.registry.ProjectRegistryManager.setupLifecycleMapping(ProjectRegistryManager.java:593) [org.eclipse.m2e.core_1.6.2.20150902-0002.jar:na]
	at org.eclipse.m2e.core.internal.project.registry.ProjectRegistryManager.refreshPhase2(ProjectRegistryManager.java:512) [org.eclipse.m2e.core_1.6.2.20150902-0002.jar:na]
	at org.eclipse.m2e.core.internal.project.registry.ProjectRegistryManager$3.call(ProjectRegistryManager.java:491) [org.eclipse.m2e.core_1.6.2.20150902-0002.jar:na]
	at org.eclipse.m2e.core.internal.project.registry.ProjectRegistryManager$3.call(ProjectRegistryManager.java:1) [org.eclipse.m2e.core_1.6.2.20150902-0002.jar:na]
	at org.eclipse.m2e.core.internal.embedder.MavenExecutionContext.executeBare(MavenExecutionContext.java:176) [org.eclipse.m2e.core_1.6.2.20150902-0002.jar:na]
	at org.eclipse.m2e.core.internal.embedder.MavenExecutionContext.execute(MavenExecutionContext.java:151) [org.eclipse.m2e.core_1.6.2.20150902-0002.jar:na]
	at org.eclipse.m2e.core.internal.project.registry.ProjectRegistryManager.refresh(ProjectRegistryManager.java:495) [org.eclipse.m2e.core_1.6.2.20150902-0002.jar:na]
	at org.eclipse.m2e.core.internal.project.registry.ProjectRegistryManager.refresh(ProjectRegistryManager.java:350) [org.eclipse.m2e.core_1.6.2.20150902-0002.jar:na]
	at org.eclipse.m2e.core.internal.project.registry.ProjectRegistryManager.refresh(ProjectRegistryManager.java:297) [org.eclipse.m2e.core_1.6.2.20150902-0002.jar:na]
	at org.eclipse.m2e.core.internal.builder.MavenBuilder$BuildMethod.getProjectFacade(MavenBuilder.java:154) [org.eclipse.m2e.core_1.6.2.20150902-0002.jar:na]
	at org.eclipse.m2e.core.internal.builder.MavenBuilder$BuildMethod$1.call(MavenBuilder.java:89) [org.eclipse.m2e.core_1.6.2.20150902-0002.jar:na]
	at org.eclipse.m2e.core.internal.embedder.MavenExecutionContext.executeBare(MavenExecutionContext.java:176) [org.eclipse.m2e.core_1.6.2.20150902-0002.jar:na]
	at org.eclipse.m2e.core.internal.embedder.MavenExecutionContext.execute(MavenExecutionContext.java:151) [org.eclipse.m2e.core_1.6.2.20150902-0002.jar:na]
	at org.eclipse.m2e.core.internal.embedder.MavenExecutionContext.execute(MavenExecutionContext.java:99) [org.eclipse.m2e.core_1.6.2.20150902-0002.jar:na]
	at org.eclipse.m2e.core.internal.builder.MavenBuilder$BuildMethod.execute(MavenBuilder.java:86) [org.eclipse.m2e.core_1.6.2.20150902-0002.jar:na]
	at org.eclipse.m2e.core.internal.builder.MavenBuilder.build(MavenBuilder.java:200) [org.eclipse.m2e.core_1.6.2.20150902-0002.jar:na]
	at org.eclipse.core.internal.events.BuildManager$2.run(BuildManager.java:734) [org.eclipse.core.resources_3.10.1.v20150725-1910.jar:na]
	at org.eclipse.core.runtime.SafeRunner.run(SafeRunner.java:42) [org.eclipse.equinox.common_3.7.0.v20150402-1709.jar:na]
	at org.eclipse.core.internal.events.BuildManager.basicBuild(BuildManager.java:205) [org.eclipse.core.resources_3.10.1.v20150725-1910.jar:na]
	at org.eclipse.core.internal.events.BuildManager.basicBuild(BuildManager.java:245) [org.eclipse.core.resources_3.10.1.v20150725-1910.jar:na]
	at org.eclipse.core.internal.events.BuildManager$1.run(BuildManager.java:300) [org.eclipse.core.resources_3.10.1.v20150725-1910.jar:na]
	at org.eclipse.core.runtime.SafeRunner.run(SafeRunner.java:42) [org.eclipse.equinox.common_3.7.0.v20150402-1709.jar:na]
	at org.eclipse.core.internal.events.BuildManager.basicBuild(BuildManager.java:303) [org.eclipse.core.resources_3.10.1.v20150725-1910.jar:na]
	at org.eclipse.core.internal.events.BuildManager.basicBuildLoop(BuildManager.java:359) [org.eclipse.core.resources_3.10.1.v20150725-1910.jar:na]
	at org.eclipse.core.internal.events.BuildManager.build(BuildManager.java:382) [org.eclipse.core.resources_3.10.1.v20150725-1910.jar:na]
	at org.eclipse.core.internal.events.AutoBuildJob.doBuild(AutoBuildJob.java:144) [org.eclipse.core.resources_3.10.1.v20150725-1910.jar:na]
	at org.eclipse.core.internal.events.AutoBuildJob.run(AutoBuildJob.java:235) [org.eclipse.core.resources_3.10.1.v20150725-1910.jar:na]
	at org.eclipse.core.internal.jobs.Worker.run(Worker.java:55) [org.eclipse.core.jobs_3.7.0.v20150330-2103.jar:na]
Caused by: org.apache.maven.model.building.ModelBuildingException: 1 problem was encountered while building the effective model for br.com.alura.trilhajava:TrilhaJava-Parent:0.0.1-SNAPSHOT
[ERROR] 'packaging' with value 'jar' is invalid. Aggregator projects require 'pom' as packaging. @ line 4, column 101

	at org.apache.maven.model.building.DefaultModelProblemCollector.newModelBuildingException(DefaultModelProblemCollector.java:197) ~[maven-model-builder-3.3.3.jar:3.3.3]
	at org.apache.maven.model.building.DefaultModelBuilder.build(DefaultModelBuilder.java:475) ~[maven-model-builder-3.3.3.jar:3.3.3]
	at org.apache.maven.model.building.DefaultModelBuilder.build(DefaultModelBuilder.java:417) ~[maven-model-builder-3.3.3.jar:3.3.3]
	at org.apache.maven.model.building.DefaultModelBuilder.build(DefaultModelBuilder.java:407) ~[maven-model-builder-3.3.3.jar:3.3.3]
	at org.apache.maven.project.DefaultProjectBuilder.build(DefaultProjectBuilder.java:161) ~[maven-core-3.3.3.jar:3.3.3]
	... 40 common frames omitted
2016-05-09 23:35:31,892 [Worker-15] INFO  o.e.m.c.i.l.LifecycleMappingFactory - Using org.eclipse.m2e.jdt.JarLifecycleMapping lifecycle mapping for MavenProject: br.com.alura.trilhajava:TrilhaJava-JavaIII:0.0.1-SNAPSHOT @ D:\Profissional\Curso Alura\TrilhaJava-Alura\TrilhaJava-Parent\TrilhaJava-JavaIII\pom.xml.
2016-05-09 23:35:31,897 [Worker-15] ERROR o.e.m.c.internal.embedder.MavenImpl - Could not read parent project
org.apache.maven.project.ProjectBuildingException: Some problems were encountered while processing the POMs:
[ERROR] 'packaging' with value 'jar' is invalid. Aggregator projects require 'pom' as packaging. @ line 4, column 101

	at org.apache.maven.project.DefaultProjectBuilder.build(DefaultProjectBuilder.java:195) ~[maven-core-3.3.3.jar:3.3.3]
	at org.apache.maven.project.DefaultProjectBuilder.build(DefaultProjectBuilder.java:119) ~[maven-core-3.3.3.jar:3.3.3]
	at org.eclipse.m2e.core.internal.embedder.MavenImpl.resolveParentProject(MavenImpl.java:683) [org.eclipse.m2e.core_1.6.2.20150902-0002.jar:na]
	at org.eclipse.m2e.core.internal.embedder.MavenImpl$4.call(MavenImpl.java:709) [org.eclipse.m2e.core_1.6.2.20150902-0002.jar:na]
	at org.eclipse.m2e.core.internal.embedder.MavenImpl$4.call(MavenImpl.java:1) [org.eclipse.m2e.core_1.6.2.20150902-0002.jar:na]
	at org.eclipse.m2e.core.internal.embedder.MavenExecutionContext.executeBare(MavenExecutionContext.java:176) [org.eclipse.m2e.core_1.6.2.20150902-0002.jar:na]
	at org.eclipse.m2e.core.internal.embedder.MavenExecutionContext.execute(MavenExecutionContext.java:112) [org.eclipse.m2e.core_1.6.2.20150902-0002.jar:na]
	at org.eclipse.m2e.core.internal.embedder.MavenImpl.resolveParentProject(MavenImpl.java:707) [org.eclipse.m2e.core_1.6.2.20150902-0002.jar:na]
	at org.eclipse.m2e.core.internal.lifecyclemapping.LifecycleMappingFactory.getPomMappingMetadataSources(LifecycleMappingFactory.java:834) [org.eclipse.m2e.core_1.6.2.20150902-0002.jar:na]
	at org.eclipse.m2e.core.internal.lifecyclemapping.LifecycleMappingFactory.getProjectMetadataSourcesMap(LifecycleMappingFactory.java:276) [org.eclipse.m2e.core_1.6.2.20150902-0002.jar:na]
	at org.eclipse.m2e.core.internal.lifecyclemapping.LifecycleMappingFactory.getProjectMetadataSources(LifecycleMappingFactory.java:254) [org.eclipse.m2e.core_1.6.2.20150902-0002.jar:na]
	at org.eclipse.m2e.core.internal.lifecyclemapping.LifecycleMappingFactory.calculateEffectiveLifecycleMappingMetadata(LifecycleMappingFactory.java:238) [org.eclipse.m2e.core_1.6.2.20150902-0002.jar:na]
	at org.eclipse.m2e.core.internal.lifecyclemapping.LifecycleMappingFactory.calculateLifecycleMapping(LifecycleMappingFactory.java:179) [org.eclipse.m2e.core_1.6.2.20150902-0002.jar:na]
	at org.eclipse.m2e.core.internal.project.registry.ProjectRegistryManager.setupLifecycleMapping(ProjectRegistryManager.java:593) [org.eclipse.m2e.core_1.6.2.20150902-0002.jar:na]
	at org.eclipse.m2e.core.internal.project.registry.ProjectRegistryManager.refreshPhase2(ProjectRegistryManager.java:512) [org.eclipse.m2e.core_1.6.2.20150902-0002.jar:na]
	at org.eclipse.m2e.core.internal.project.registry.ProjectRegistryManager$3.call(ProjectRegistryManager.java:491) [org.eclipse.m2e.core_1.6.2.20150902-0002.jar:na]
	at org.eclipse.m2e.core.internal.project.registry.ProjectRegistryManager$3.call(ProjectRegistryManager.java:1) [org.eclipse.m2e.core_1.6.2.20150902-0002.jar:na]
	at org.eclipse.m2e.core.internal.embedder.MavenExecutionContext.executeBare(MavenExecutionContext.java:176) [org.eclipse.m2e.core_1.6.2.20150902-0002.jar:na]
	at org.eclipse.m2e.core.internal.embedder.MavenExecutionContext.execute(MavenExecutionContext.java:151) [org.eclipse.m2e.core_1.6.2.20150902-0002.jar:na]
	at org.eclipse.m2e.core.internal.project.registry.ProjectRegistryManager.refresh(ProjectRegistryManager.java:495) [org.eclipse.m2e.core_1.6.2.20150902-0002.jar:na]
	at org.eclipse.m2e.core.internal.project.registry.ProjectRegistryManager.refresh(ProjectRegistryManager.java:350) [org.eclipse.m2e.core_1.6.2.20150902-0002.jar:na]
	at org.eclipse.m2e.core.internal.project.registry.ProjectRegistryManager.refresh(ProjectRegistryManager.java:297) [org.eclipse.m2e.core_1.6.2.20150902-0002.jar:na]
	at org.eclipse.m2e.core.internal.builder.MavenBuilder$BuildMethod.getProjectFacade(MavenBuilder.java:154) [org.eclipse.m2e.core_1.6.2.20150902-0002.jar:na]
	at org.eclipse.m2e.core.internal.builder.MavenBuilder$BuildMethod$1.call(MavenBuilder.java:89) [org.eclipse.m2e.core_1.6.2.20150902-0002.jar:na]
	at org.eclipse.m2e.core.internal.embedder.MavenExecutionContext.executeBare(MavenExecutionContext.java:176) [org.eclipse.m2e.core_1.6.2.20150902-0002.jar:na]
	at org.eclipse.m2e.core.internal.embedder.MavenExecutionContext.execute(MavenExecutionContext.java:151) [org.eclipse.m2e.core_1.6.2.20150902-0002.jar:na]
	at org.eclipse.m2e.core.internal.embedder.MavenExecutionContext.execute(MavenExecutionContext.java:99) [org.eclipse.m2e.core_1.6.2.20150902-0002.jar:na]
	at org.eclipse.m2e.core.internal.builder.MavenBuilder$BuildMethod.execute(MavenBuilder.java:86) [org.eclipse.m2e.core_1.6.2.20150902-0002.jar:na]
	at org.eclipse.m2e.core.internal.builder.MavenBuilder.build(MavenBuilder.java:200) [org.eclipse.m2e.core_1.6.2.20150902-0002.jar:na]
	at org.eclipse.core.internal.events.BuildManager$2.run(BuildManager.java:734) [org.eclipse.core.resources_3.10.1.v20150725-1910.jar:na]
	at org.eclipse.core.runtime.SafeRunner.run(SafeRunner.java:42) [org.eclipse.equinox.common_3.7.0.v20150402-1709.jar:na]
	at org.eclipse.core.internal.events.BuildManager.basicBuild(BuildManager.java:205) [org.eclipse.core.resources_3.10.1.v20150725-1910.jar:na]
	at org.eclipse.core.internal.events.BuildManager.basicBuild(BuildManager.java:245) [org.eclipse.core.resources_3.10.1.v20150725-1910.jar:na]
	at org.eclipse.core.internal.events.BuildManager$1.run(BuildManager.java:300) [org.eclipse.core.resources_3.10.1.v20150725-1910.jar:na]
	at org.eclipse.core.runtime.SafeRunner.run(SafeRunner.java:42) [org.eclipse.equinox.common_3.7.0.v20150402-1709.jar:na]
	at org.eclipse.core.internal.events.BuildManager.basicBuild(BuildManager.java:303) [org.eclipse.core.resources_3.10.1.v20150725-1910.jar:na]
	at org.eclipse.core.internal.events.BuildManager.basicBuildLoop(BuildManager.java:359) [org.eclipse.core.resources_3.10.1.v20150725-1910.jar:na]
	at org.eclipse.core.internal.events.BuildManager.build(BuildManager.java:382) [org.eclipse.core.resources_3.10.1.v20150725-1910.jar:na]
	at org.eclipse.core.internal.events.AutoBuildJob.doBuild(AutoBuildJob.java:144) [org.eclipse.core.resources_3.10.1.v20150725-1910.jar:na]
	at org.eclipse.core.internal.events.AutoBuildJob.run(AutoBuildJob.java:235) [org.eclipse.core.resources_3.10.1.v20150725-1910.jar:na]
	at org.eclipse.core.internal.jobs.Worker.run(Worker.java:55) [org.eclipse.core.jobs_3.7.0.v20150330-2103.jar:na]
Caused by: org.apache.maven.model.building.ModelBuildingException: 1 problem was encountered while building the effective model for br.com.alura.trilhajava:TrilhaJava-Parent:0.0.1-SNAPSHOT
[ERROR] 'packaging' with value 'jar' is invalid. Aggregator projects require 'pom' as packaging. @ line 4, column 101

	at org.apache.maven.model.building.DefaultModelProblemCollector.newModelBuildingException(DefaultModelProblemCollector.java:197) ~[maven-model-builder-3.3.3.jar:3.3.3]
	at org.apache.maven.model.building.DefaultModelBuilder.build(DefaultModelBuilder.java:475) ~[maven-model-builder-3.3.3.jar:3.3.3]
	at org.apache.maven.model.building.DefaultModelBuilder.build(DefaultModelBuilder.java:417) ~[maven-model-builder-3.3.3.jar:3.3.3]
	at org.apache.maven.model.building.DefaultModelBuilder.build(DefaultModelBuilder.java:407) ~[maven-model-builder-3.3.3.jar:3.3.3]
	at org.apache.maven.project.DefaultProjectBuilder.build(DefaultProjectBuilder.java:161) ~[maven-core-3.3.3.jar:3.3.3]
	... 40 common frames omitted
2016-05-09 23:35:31,942 [Worker-15] INFO  o.e.m.c.i.l.LifecycleMappingFactory - Using org.eclipse.m2e.jdt.JarLifecycleMapping lifecycle mapping for MavenProject: br.com.alura.trilhajava:TrilhaJava-JavaI:0.0.1-SNAPSHOT @ D:\Profissional\Curso Alura\TrilhaJava-Alura\TrilhaJava-Parent\TrilhaJava-JavaI\pom.xml.
2016-05-09 23:35:31,946 [Worker-15] ERROR o.e.m.c.internal.embedder.MavenImpl - Could not read parent project
org.apache.maven.project.ProjectBuildingException: Some problems were encountered while processing the POMs:
[ERROR] 'packaging' with value 'jar' is invalid. Aggregator projects require 'pom' as packaging. @ line 4, column 101

	at org.apache.maven.project.DefaultProjectBuilder.build(DefaultProjectBuilder.java:195) ~[maven-core-3.3.3.jar:3.3.3]
	at org.apache.maven.project.DefaultProjectBuilder.build(DefaultProjectBuilder.java:119) ~[maven-core-3.3.3.jar:3.3.3]
	at org.eclipse.m2e.core.internal.embedder.MavenImpl.resolveParentProject(MavenImpl.java:683) [org.eclipse.m2e.core_1.6.2.20150902-0002.jar:na]
	at org.eclipse.m2e.core.internal.embedder.MavenImpl$4.call(MavenImpl.java:709) [org.eclipse.m2e.core_1.6.2.20150902-0002.jar:na]
	at org.eclipse.m2e.core.internal.embedder.MavenImpl$4.call(MavenImpl.java:1) [org.eclipse.m2e.core_1.6.2.20150902-0002.jar:na]
	at org.eclipse.m2e.core.internal.embedder.MavenExecutionContext.executeBare(MavenExecutionContext.java:176) [org.eclipse.m2e.core_1.6.2.20150902-0002.jar:na]
	at org.eclipse.m2e.core.internal.embedder.MavenExecutionContext.execute(MavenExecutionContext.java:112) [org.eclipse.m2e.core_1.6.2.20150902-0002.jar:na]
	at org.eclipse.m2e.core.internal.embedder.MavenImpl.resolveParentProject(MavenImpl.java:707) [org.eclipse.m2e.core_1.6.2.20150902-0002.jar:na]
	at org.eclipse.m2e.core.internal.lifecyclemapping.LifecycleMappingFactory.getPomMappingMetadataSources(LifecycleMappingFactory.java:834) [org.eclipse.m2e.core_1.6.2.20150902-0002.jar:na]
	at org.eclipse.m2e.core.internal.lifecyclemapping.LifecycleMappingFactory.getProjectMetadataSourcesMap(LifecycleMappingFactory.java:276) [org.eclipse.m2e.core_1.6.2.20150902-0002.jar:na]
	at org.eclipse.m2e.core.internal.lifecyclemapping.LifecycleMappingFactory.getProjectMetadataSources(LifecycleMappingFactory.java:254) [org.eclipse.m2e.core_1.6.2.20150902-0002.jar:na]
	at org.eclipse.m2e.core.internal.lifecyclemapping.LifecycleMappingFactory.calculateEffectiveLifecycleMappingMetadata(LifecycleMappingFactory.java:238) [org.eclipse.m2e.core_1.6.2.20150902-0002.jar:na]
	at org.eclipse.m2e.core.internal.lifecyclemapping.LifecycleMappingFactory.calculateLifecycleMapping(LifecycleMappingFactory.java:179) [org.eclipse.m2e.core_1.6.2.20150902-0002.jar:na]
	at org.eclipse.m2e.core.internal.project.registry.ProjectRegistryManager.setupLifecycleMapping(ProjectRegistryManager.java:593) [org.eclipse.m2e.core_1.6.2.20150902-0002.jar:na]
	at org.eclipse.m2e.core.internal.project.registry.ProjectRegistryManager.refreshPhase2(ProjectRegistryManager.java:512) [org.eclipse.m2e.core_1.6.2.20150902-0002.jar:na]
	at org.eclipse.m2e.core.internal.project.registry.ProjectRegistryManager$3.call(ProjectRegistryManager.java:491) [org.eclipse.m2e.core_1.6.2.20150902-0002.jar:na]
	at org.eclipse.m2e.core.internal.project.registry.ProjectRegistryManager$3.call(ProjectRegistryManager.java:1) [org.eclipse.m2e.core_1.6.2.20150902-0002.jar:na]
	at org.eclipse.m2e.core.internal.embedder.MavenExecutionContext.executeBare(MavenExecutionContext.java:176) [org.eclipse.m2e.core_1.6.2.20150902-0002.jar:na]
	at org.eclipse.m2e.core.internal.embedder.MavenExecutionContext.execute(MavenExecutionContext.java:151) [org.eclipse.m2e.core_1.6.2.20150902-0002.jar:na]
	at org.eclipse.m2e.core.internal.project.registry.ProjectRegistryManager.refresh(ProjectRegistryManager.java:495) [org.eclipse.m2e.core_1.6.2.20150902-0002.jar:na]
	at org.eclipse.m2e.core.internal.project.registry.ProjectRegistryManager.refresh(ProjectRegistryManager.java:350) [org.eclipse.m2e.core_1.6.2.20150902-0002.jar:na]
	at org.eclipse.m2e.core.internal.project.registry.ProjectRegistryManager.refresh(ProjectRegistryManager.java:297) [org.eclipse.m2e.core_1.6.2.20150902-0002.jar:na]
	at org.eclipse.m2e.core.internal.builder.MavenBuilder$BuildMethod.getProjectFacade(MavenBuilder.java:154) [org.eclipse.m2e.core_1.6.2.20150902-0002.jar:na]
	at org.eclipse.m2e.core.internal.builder.MavenBuilder$BuildMethod$1.call(MavenBuilder.java:89) [org.eclipse.m2e.core_1.6.2.20150902-0002.jar:na]
	at org.eclipse.m2e.core.internal.embedder.MavenExecutionContext.executeBare(MavenExecutionContext.java:176) [org.eclipse.m2e.core_1.6.2.20150902-0002.jar:na]
	at org.eclipse.m2e.core.internal.embedder.MavenExecutionContext.execute(MavenExecutionContext.java:151) [org.eclipse.m2e.core_1.6.2.20150902-0002.jar:na]
	at org.eclipse.m2e.core.internal.embedder.MavenExecutionContext.execute(MavenExecutionContext.java:99) [org.eclipse.m2e.core_1.6.2.20150902-0002.jar:na]
	at org.eclipse.m2e.core.internal.builder.MavenBuilder$BuildMethod.execute(MavenBuilder.java:86) [org.eclipse.m2e.core_1.6.2.20150902-0002.jar:na]
	at org.eclipse.m2e.core.internal.builder.MavenBuilder.build(MavenBuilder.java:200) [org.eclipse.m2e.core_1.6.2.20150902-0002.jar:na]
	at org.eclipse.core.internal.events.BuildManager$2.run(BuildManager.java:734) [org.eclipse.core.resources_3.10.1.v20150725-1910.jar:na]
	at org.eclipse.core.runtime.SafeRunner.run(SafeRunner.java:42) [org.eclipse.equinox.common_3.7.0.v20150402-1709.jar:na]
	at org.eclipse.core.internal.events.BuildManager.basicBuild(BuildManager.java:205) [org.eclipse.core.resources_3.10.1.v20150725-1910.jar:na]
	at org.eclipse.core.internal.events.BuildManager.basicBuild(BuildManager.java:245) [org.eclipse.core.resources_3.10.1.v20150725-1910.jar:na]
	at org.eclipse.core.internal.events.BuildManager$1.run(BuildManager.java:300) [org.eclipse.core.resources_3.10.1.v20150725-1910.jar:na]
	at org.eclipse.core.runtime.SafeRunner.run(SafeRunner.java:42) [org.eclipse.equinox.common_3.7.0.v20150402-1709.jar:na]
	at org.eclipse.core.internal.events.BuildManager.basicBuild(BuildManager.java:303) [org.eclipse.core.resources_3.10.1.v20150725-1910.jar:na]
	at org.eclipse.core.internal.events.BuildManager.basicBuildLoop(BuildManager.java:359) [org.eclipse.core.resources_3.10.1.v20150725-1910.jar:na]
	at org.eclipse.core.internal.events.BuildManager.build(BuildManager.java:382) [org.eclipse.core.resources_3.10.1.v20150725-1910.jar:na]
	at org.eclipse.core.internal.events.AutoBuildJob.doBuild(AutoBuildJob.java:144) [org.eclipse.core.resources_3.10.1.v20150725-1910.jar:na]
	at org.eclipse.core.internal.events.AutoBuildJob.run(AutoBuildJob.java:235) [org.eclipse.core.resources_3.10.1.v20150725-1910.jar:na]
	at org.eclipse.core.internal.jobs.Worker.run(Worker.java:55) [org.eclipse.core.jobs_3.7.0.v20150330-2103.jar:na]
Caused by: org.apache.maven.model.building.ModelBuildingException: 1 problem was encountered while building the effective model for br.com.alura.trilhajava:TrilhaJava-Parent:0.0.1-SNAPSHOT
[ERROR] 'packaging' with value 'jar' is invalid. Aggregator projects require 'pom' as packaging. @ line 4, column 101

	at org.apache.maven.model.building.DefaultModelProblemCollector.newModelBuildingException(DefaultModelProblemCollector.java:197) ~[maven-model-builder-3.3.3.jar:3.3.3]
	at org.apache.maven.model.building.DefaultModelBuilder.build(DefaultModelBuilder.java:475) ~[maven-model-builder-3.3.3.jar:3.3.3]
	at org.apache.maven.model.building.DefaultModelBuilder.build(DefaultModelBuilder.java:417) ~[maven-model-builder-3.3.3.jar:3.3.3]
	at org.apache.maven.model.building.DefaultModelBuilder.build(DefaultModelBuilder.java:407) ~[maven-model-builder-3.3.3.jar:3.3.3]
	at org.apache.maven.project.DefaultProjectBuilder.build(DefaultProjectBuilder.java:161) ~[maven-core-3.3.3.jar:3.3.3]
	... 40 common frames omitted
2016-05-09 23:35:31,992 [Worker-15] INFO  o.e.m.c.i.l.LifecycleMappingFactory - Using org.eclipse.m2e.jdt.JarLifecycleMapping lifecycle mapping for MavenProject: br.com.alura.trilhajava:TrilhaJava-Solid:0.0.1-SNAPSHOT @ D:\Profissional\Curso Alura\TrilhaJava-Alura\TrilhaJava-Parent\TrilhaJava-Solid\pom.xml.
2016-05-09 23:35:32,183 [Worker-15] WARN  o.e.m.c.i.embedder.EclipseLogger - Using platform encoding (Cp1252 actually) to copy filtered resources, i.e. build is platform dependent!
2016-05-09 23:35:32,190 [Worker-15] INFO  o.e.m.c.i.embedder.EclipseLogger - skip non existing resourceDirectory D:\Profissional\Curso Alura\TrilhaJava-Alura\TrilhaJava-Parent\src\main\resources
2016-05-09 23:35:32,191 [Worker-15] WARN  o.e.m.c.i.embedder.EclipseLogger - Using platform encoding (Cp1252 actually) to copy filtered resources, i.e. build is platform dependent!
2016-05-09 23:35:32,197 [Worker-15] INFO  o.e.m.c.i.embedder.EclipseLogger - skip non existing resourceDirectory D:\Profissional\Curso Alura\TrilhaJava-Alura\TrilhaJava-Parent\src\test\resources
2016-05-09 23:35:32,202 [Worker-15] WARN  o.e.m.c.i.embedder.EclipseLogger - Failed to build parent project for br.com.alura.trilhajava:TrilhaJava-Solid:jar:0.0.1-SNAPSHOT
2016-05-09 23:35:32,213 [Worker-15] INFO  o.e.m.c.i.embedder.EclipseLogger - Using 'UTF-8' encoding to copy filtered resources.
2016-05-09 23:35:32,213 [Worker-15] INFO  o.e.m.c.i.embedder.EclipseLogger - skip non existing resourceDirectory D:\Profissional\Curso Alura\TrilhaJava-Alura\TrilhaJava-Parent\TrilhaJava-Solid\src\main\resources
2016-05-09 23:35:32,214 [Worker-15] INFO  o.e.m.c.i.embedder.EclipseLogger - Using 'UTF-8' encoding to copy filtered resources.
2016-05-09 23:35:32,215 [Worker-15] INFO  o.e.m.c.i.embedder.EclipseLogger - skip non existing resourceDirectory D:\Profissional\Curso Alura\TrilhaJava-Alura\TrilhaJava-Parent\TrilhaJava-Solid\src\test\resources
2016-05-09 23:35:33,245 [Worker-9] WARN  o.e.m.c.i.embedder.EclipseLogger - Failed to build parent project for br.com.alura.trilhajava:TrilhaJava-JavaI:jar:0.0.1-SNAPSHOT
2016-05-09 23:35:33,256 [Worker-9] INFO  o.e.m.c.i.embedder.EclipseLogger - Using 'UTF-8' encoding to copy filtered resources.
2016-05-09 23:35:33,257 [Worker-9] INFO  o.e.m.c.i.embedder.EclipseLogger - skip non existing resourceDirectory D:\Profissional\Curso Alura\TrilhaJava-Alura\TrilhaJava-Parent\TrilhaJava-JavaI\src\main\resources
2016-05-09 23:35:33,257 [Worker-9] INFO  o.e.m.c.i.embedder.EclipseLogger - Using 'UTF-8' encoding to copy filtered resources.
2016-05-09 23:35:33,257 [Worker-9] INFO  o.e.m.c.i.embedder.EclipseLogger - skip non existing resourceDirectory D:\Profissional\Curso Alura\TrilhaJava-Alura\TrilhaJava-Parent\TrilhaJava-JavaI\src\test\resources
2016-05-09 23:35:33,262 [Worker-9] WARN  o.e.m.c.i.embedder.EclipseLogger - Failed to build parent project for br.com.alura.trilhajava:TrilhaJava-JavaII:jar:0.0.1-SNAPSHOT
2016-05-09 23:35:33,273 [Worker-9] INFO  o.e.m.c.i.embedder.EclipseLogger - Using 'UTF-8' encoding to copy filtered resources.
2016-05-09 23:35:33,273 [Worker-9] INFO  o.e.m.c.i.embedder.EclipseLogger - skip non existing resourceDirectory D:\Profissional\Curso Alura\TrilhaJava-Alura\TrilhaJava-Parent\TrilhaJava-JavaII\src\main\resources
2016-05-09 23:35:33,273 [Worker-9] INFO  o.e.m.c.i.embedder.EclipseLogger - Using 'UTF-8' encoding to copy filtered resources.
2016-05-09 23:35:33,273 [Worker-9] INFO  o.e.m.c.i.embedder.EclipseLogger - skip non existing resourceDirectory D:\Profissional\Curso Alura\TrilhaJava-Alura\TrilhaJava-Parent\TrilhaJava-JavaII\src\test\resources
2016-05-09 23:35:33,278 [Worker-9] WARN  o.e.m.c.i.embedder.EclipseLogger - Failed to build parent project for br.com.alura.trilhajava:TrilhaJava-JavaIII:jar:0.0.1-SNAPSHOT
2016-05-09 23:35:33,288 [Worker-9] INFO  o.e.m.c.i.embedder.EclipseLogger - Using 'UTF-8' encoding to copy filtered resources.
2016-05-09 23:35:33,288 [Worker-9] INFO  o.e.m.c.i.embedder.EclipseLogger - skip non existing resourceDirectory D:\Profissional\Curso Alura\TrilhaJava-Alura\TrilhaJava-Parent\TrilhaJava-JavaIII\src\main\resources
2016-05-09 23:35:33,289 [Worker-9] INFO  o.e.m.c.i.embedder.EclipseLogger - Using 'UTF-8' encoding to copy filtered resources.
2016-05-09 23:35:33,289 [Worker-9] INFO  o.e.m.c.i.embedder.EclipseLogger - skip non existing resourceDirectory D:\Profissional\Curso Alura\TrilhaJava-Alura\TrilhaJava-Parent\TrilhaJava-JavaIII\src\test\resources
2016-05-09 23:36:18,275 [Worker-15] INFO  o.e.m.c.i.l.LifecycleMappingFactory - Using NULL lifecycle mapping for MavenProject: br.com.alura.trilhajava:TrilhaJava-Parent:0.0.1-SNAPSHOT @ D:\Profissional\Curso Alura\TrilhaJava-Alura\TrilhaJava-Parent\pom.xml.
2016-05-09 23:36:18,552 [Worker-15] INFO  o.e.m.c.i.l.LifecycleMappingFactory - Using org.eclipse.m2e.jdt.JarLifecycleMapping lifecycle mapping for MavenProject: br.com.alura.trilhajava:TrilhaJava-JavaII:0.0.1-SNAPSHOT @ D:\Profissional\Curso Alura\TrilhaJava-Alura\TrilhaJava-Parent\TrilhaJava-JavaII\pom.xml.
2016-05-09 23:36:18,611 [Worker-15] INFO  o.e.m.c.i.l.LifecycleMappingFactory - Using org.eclipse.m2e.jdt.JarLifecycleMapping lifecycle mapping for MavenProject: br.com.alura.trilhajava:TrilhaJava-JavaIII:0.0.1-SNAPSHOT @ D:\Profissional\Curso Alura\TrilhaJava-Alura\TrilhaJava-Parent\TrilhaJava-JavaIII\pom.xml.
2016-05-09 23:36:18,652 [Worker-15] INFO  o.e.m.c.i.l.LifecycleMappingFactory - Using org.eclipse.m2e.jdt.JarLifecycleMapping lifecycle mapping for MavenProject: br.com.alura.trilhajava:TrilhaJava-Solid:0.0.1-SNAPSHOT @ D:\Profissional\Curso Alura\TrilhaJava-Alura\TrilhaJava-Parent\TrilhaJava-Solid\pom.xml.
2016-05-09 23:36:18,693 [Worker-15] INFO  o.e.m.c.i.l.LifecycleMappingFactory - Using org.eclipse.m2e.jdt.JarLifecycleMapping lifecycle mapping for MavenProject: br.com.alura.trilhajava:TrilhaJava-JavaI:0.0.1-SNAPSHOT @ D:\Profissional\Curso Alura\TrilhaJava-Alura\TrilhaJava-Parent\TrilhaJava-JavaI\pom.xml.
2016-05-09 23:36:18,977 [Worker-15] INFO  o.e.m.c.i.embedder.EclipseLogger - Using 'UTF-8' encoding to copy filtered resources.
2016-05-09 23:36:18,977 [Worker-15] INFO  o.e.m.c.i.embedder.EclipseLogger - skip non existing resourceDirectory D:\Profissional\Curso Alura\TrilhaJava-Alura\TrilhaJava-Parent\TrilhaJava-Solid\src\main\resources
2016-05-09 23:36:18,978 [Worker-15] INFO  o.e.m.c.i.embedder.EclipseLogger - Using 'UTF-8' encoding to copy filtered resources.
2016-05-09 23:36:18,978 [Worker-15] INFO  o.e.m.c.i.embedder.EclipseLogger - skip non existing resourceDirectory D:\Profissional\Curso Alura\TrilhaJava-Alura\TrilhaJava-Parent\TrilhaJava-Solid\src\test\resources
2016-05-09 23:36:19,999 [Worker-5] INFO  o.e.m.c.i.embedder.EclipseLogger - Using 'UTF-8' encoding to copy filtered resources.
2016-05-09 23:36:19,999 [Worker-5] INFO  o.e.m.c.i.embedder.EclipseLogger - skip non existing resourceDirectory D:\Profissional\Curso Alura\TrilhaJava-Alura\TrilhaJava-Parent\TrilhaJava-JavaI\src\main\resources
2016-05-09 23:36:19,999 [Worker-5] INFO  o.e.m.c.i.embedder.EclipseLogger - Using 'UTF-8' encoding to copy filtered resources.
2016-05-09 23:36:19,999 [Worker-5] INFO  o.e.m.c.i.embedder.EclipseLogger - skip non existing resourceDirectory D:\Profissional\Curso Alura\TrilhaJava-Alura\TrilhaJava-Parent\TrilhaJava-JavaI\src\test\resources
2016-05-09 23:36:20,006 [Worker-5] INFO  o.e.m.c.i.embedder.EclipseLogger - Using 'UTF-8' encoding to copy filtered resources.
2016-05-09 23:36:20,007 [Worker-5] INFO  o.e.m.c.i.embedder.EclipseLogger - skip non existing resourceDirectory D:\Profissional\Curso Alura\TrilhaJava-Alura\TrilhaJava-Parent\TrilhaJava-JavaII\src\main\resources
2016-05-09 23:36:20,007 [Worker-5] INFO  o.e.m.c.i.embedder.EclipseLogger - Using 'UTF-8' encoding to copy filtered resources.
2016-05-09 23:36:20,007 [Worker-5] INFO  o.e.m.c.i.embedder.EclipseLogger - skip non existing resourceDirectory D:\Profissional\Curso Alura\TrilhaJava-Alura\TrilhaJava-Parent\TrilhaJava-JavaII\src\test\resources
2016-05-09 23:36:20,015 [Worker-5] INFO  o.e.m.c.i.embedder.EclipseLogger - Using 'UTF-8' encoding to copy filtered resources.
2016-05-09 23:36:20,016 [Worker-5] INFO  o.e.m.c.i.embedder.EclipseLogger - skip non existing resourceDirectory D:\Profissional\Curso Alura\TrilhaJava-Alura\TrilhaJava-Parent\TrilhaJava-JavaIII\src\main\resources
2016-05-09 23:36:20,016 [Worker-5] INFO  o.e.m.c.i.embedder.EclipseLogger - Using 'UTF-8' encoding to copy filtered resources.
2016-05-09 23:36:20,016 [Worker-5] INFO  o.e.m.c.i.embedder.EclipseLogger - skip non existing resourceDirectory D:\Profissional\Curso Alura\TrilhaJava-Alura\TrilhaJava-Parent\TrilhaJava-JavaIII\src\test\resources
2016-05-09 23:37:28,989 [Worker-15] INFO  o.e.m.c.i.l.LifecycleMappingFactory - Using org.eclipse.m2e.jdt.JarLifecycleMapping lifecycle mapping for MavenProject: br.com.alura.trilhajava:TrilhaJava-Solid:0.0.1-SNAPSHOT @ D:\Profissional\Curso Alura\TrilhaJava-Alura\TrilhaJava-Parent\TrilhaJava-Solid\pom.xml.
2016-05-09 23:37:29,030 [Worker-15] INFO  o.e.m.c.i.embedder.EclipseLogger - Using 'UTF-8' encoding to copy filtered resources.
2016-05-09 23:37:29,030 [Worker-15] INFO  o.e.m.c.i.embedder.EclipseLogger - skip non existing resourceDirectory D:\Profissional\Curso Alura\TrilhaJava-Alura\TrilhaJava-Parent\TrilhaJava-Solid\src\main\resources
2016-05-09 23:37:29,032 [Worker-15] INFO  o.e.m.c.i.embedder.EclipseLogger - Using 'UTF-8' encoding to copy filtered resources.
2016-05-09 23:37:29,032 [Worker-15] INFO  o.e.m.c.i.embedder.EclipseLogger - skip non existing resourceDirectory D:\Profissional\Curso Alura\TrilhaJava-Alura\TrilhaJava-Parent\TrilhaJava-Solid\src\test\resources
2016-05-09 23:37:30,254 [Worker-4] INFO  o.e.m.c.i.embedder.EclipseLogger - Using 'UTF-8' encoding to copy filtered resources.
2016-05-09 23:37:30,255 [Worker-4] INFO  o.e.m.c.i.embedder.EclipseLogger - skip non existing resourceDirectory D:\Profissional\Curso Alura\TrilhaJava-Alura\TrilhaJava-Parent\TrilhaJava-Solid\src\main\resources
2016-05-09 23:37:30,255 [Worker-4] INFO  o.e.m.c.i.embedder.EclipseLogger - Using 'UTF-8' encoding to copy filtered resources.
2016-05-09 23:37:30,255 [Worker-4] INFO  o.e.m.c.i.embedder.EclipseLogger - skip non existing resourceDirectory D:\Profissional\Curso Alura\TrilhaJava-Alura\TrilhaJava-Parent\TrilhaJava-Solid\src\test\resources
2016-05-09 23:37:38,485 [Worker-5] INFO  o.e.m.c.i.embedder.EclipseLogger - Using 'UTF-8' encoding to copy filtered resources.
2016-05-09 23:37:38,485 [Worker-5] INFO  o.e.m.c.i.embedder.EclipseLogger - skip non existing resourceDirectory D:\Profissional\Curso Alura\TrilhaJava-Alura\TrilhaJava-Parent\TrilhaJava-Solid\src\main\resources
2016-05-09 23:37:38,486 [Worker-5] INFO  o.e.m.c.i.embedder.EclipseLogger - Using 'UTF-8' encoding to copy filtered resources.
2016-05-09 23:37:38,486 [Worker-5] INFO  o.e.m.c.i.embedder.EclipseLogger - skip non existing resourceDirectory D:\Profissional\Curso Alura\TrilhaJava-Alura\TrilhaJava-Parent\TrilhaJava-Solid\src\test\resources
2016-05-09 23:38:09,132 [Worker-15] INFO  o.e.m.c.i.embedder.EclipseLogger - Using 'UTF-8' encoding to copy filtered resources.
2016-05-09 23:38:09,133 [Worker-15] INFO  o.e.m.c.i.embedder.EclipseLogger - skip non existing resourceDirectory D:\Profissional\Curso Alura\TrilhaJava-Alura\TrilhaJava-Parent\TrilhaJava-Solid\src\main\resources
2016-05-09 23:38:09,134 [Worker-15] INFO  o.e.m.c.i.embedder.EclipseLogger - Using 'UTF-8' encoding to copy filtered resources.
2016-05-09 23:38:09,134 [Worker-15] INFO  o.e.m.c.i.embedder.EclipseLogger - skip non existing resourceDirectory D:\Profissional\Curso Alura\TrilhaJava-Alura\TrilhaJava-Parent\TrilhaJava-Solid\src\test\resources
2016-05-09 23:42:04,055 [Worker-4] INFO  o.e.m.c.i.embedder.EclipseLogger - Using 'UTF-8' encoding to copy filtered resources.
2016-05-09 23:42:04,055 [Worker-4] INFO  o.e.m.c.i.embedder.EclipseLogger - skip non existing resourceDirectory D:\Profissional\Curso Alura\TrilhaJava-Alura\TrilhaJava-Parent\TrilhaJava-Solid\src\main\resources
2016-05-09 23:42:04,056 [Worker-4] INFO  o.e.m.c.i.embedder.EclipseLogger - Using 'UTF-8' encoding to copy filtered resources.
2016-05-09 23:42:04,056 [Worker-4] INFO  o.e.m.c.i.embedder.EclipseLogger - skip non existing resourceDirectory D:\Profissional\Curso Alura\TrilhaJava-Alura\TrilhaJava-Parent\TrilhaJava-Solid\src\test\resources
2016-05-09 23:42:22,472 [Worker-4] INFO  o.e.m.c.i.embedder.EclipseLogger - Using 'UTF-8' encoding to copy filtered resources.
2016-05-09 23:42:22,472 [Worker-4] INFO  o.e.m.c.i.embedder.EclipseLogger - skip non existing resourceDirectory D:\Profissional\Curso Alura\TrilhaJava-Alura\TrilhaJava-Parent\TrilhaJava-Solid\src\main\resources
2016-05-09 23:42:22,472 [Worker-4] INFO  o.e.m.c.i.embedder.EclipseLogger - Using 'UTF-8' encoding to copy filtered resources.
2016-05-09 23:42:22,472 [Worker-4] INFO  o.e.m.c.i.embedder.EclipseLogger - skip non existing resourceDirectory D:\Profissional\Curso Alura\TrilhaJava-Alura\TrilhaJava-Parent\TrilhaJava-Solid\src\test\resources
2016-05-09 23:42:23,538 [Worker-14] INFO  o.e.m.c.i.embedder.EclipseLogger - Using 'UTF-8' encoding to copy filtered resources.
2016-05-09 23:42:23,538 [Worker-14] INFO  o.e.m.c.i.embedder.EclipseLogger - skip non existing resourceDirectory D:\Profissional\Curso Alura\TrilhaJava-Alura\TrilhaJava-Parent\TrilhaJava-JavaI\src\main\resources
2016-05-09 23:42:23,539 [Worker-14] INFO  o.e.m.c.i.embedder.EclipseLogger - Using 'UTF-8' encoding to copy filtered resources.
2016-05-09 23:42:23,539 [Worker-14] INFO  o.e.m.c.i.embedder.EclipseLogger - skip non existing resourceDirectory D:\Profissional\Curso Alura\TrilhaJava-Alura\TrilhaJava-Parent\TrilhaJava-JavaI\src\test\resources
2016-05-09 23:42:23,542 [Worker-14] INFO  o.e.m.c.i.embedder.EclipseLogger - Using 'UTF-8' encoding to copy filtered resources.
2016-05-09 23:42:23,542 [Worker-14] INFO  o.e.m.c.i.embedder.EclipseLogger - skip non existing resourceDirectory D:\Profissional\Curso Alura\TrilhaJava-Alura\TrilhaJava-Parent\TrilhaJava-JavaII\src\main\resources
2016-05-09 23:42:23,542 [Worker-14] INFO  o.e.m.c.i.embedder.EclipseLogger - Using 'UTF-8' encoding to copy filtered resources.
2016-05-09 23:42:23,542 [Worker-14] INFO  o.e.m.c.i.embedder.EclipseLogger - skip non existing resourceDirectory D:\Profissional\Curso Alura\TrilhaJava-Alura\TrilhaJava-Parent\TrilhaJava-JavaII\src\test\resources
2016-05-09 23:42:23,545 [Worker-14] INFO  o.e.m.c.i.embedder.EclipseLogger - Using 'UTF-8' encoding to copy filtered resources.
2016-05-09 23:42:23,545 [Worker-14] INFO  o.e.m.c.i.embedder.EclipseLogger - skip non existing resourceDirectory D:\Profissional\Curso Alura\TrilhaJava-Alura\TrilhaJava-Parent\TrilhaJava-JavaIII\src\main\resources
2016-05-09 23:42:23,546 [Worker-14] INFO  o.e.m.c.i.embedder.EclipseLogger - Using 'UTF-8' encoding to copy filtered resources.
2016-05-09 23:42:23,546 [Worker-14] INFO  o.e.m.c.i.embedder.EclipseLogger - skip non existing resourceDirectory D:\Profissional\Curso Alura\TrilhaJava-Alura\TrilhaJava-Parent\TrilhaJava-JavaIII\src\test\resources
2016-05-09 23:42:23,549 [Worker-14] INFO  o.e.m.c.i.embedder.EclipseLogger - Using 'UTF-8' encoding to copy filtered resources.
2016-05-09 23:42:23,549 [Worker-14] INFO  o.e.m.c.i.embedder.EclipseLogger - skip non existing resourceDirectory D:\Profissional\Curso Alura\TrilhaJava-Alura\TrilhaJava-Parent\TrilhaJava-Solid\src\main\resources
2016-05-09 23:42:23,550 [Worker-14] INFO  o.e.m.c.i.embedder.EclipseLogger - Using 'UTF-8' encoding to copy filtered resources.
2016-05-09 23:42:23,550 [Worker-14] INFO  o.e.m.c.i.embedder.EclipseLogger - skip non existing resourceDirectory D:\Profissional\Curso Alura\TrilhaJava-Alura\TrilhaJava-Parent\TrilhaJava-Solid\src\test\resources
2016-05-09 23:44:50,069 [Worker-4] INFO  o.e.m.c.i.embedder.EclipseLogger - Using 'UTF-8' encoding to copy filtered resources.
2016-05-09 23:44:50,069 [Worker-4] INFO  o.e.m.c.i.embedder.EclipseLogger - skip non existing resourceDirectory D:\Profissional\Curso Alura\TrilhaJava-Alura\TrilhaJava-Parent\TrilhaJava-Solid\src\main\resources
2016-05-09 23:44:50,070 [Worker-4] INFO  o.e.m.c.i.embedder.EclipseLogger - Using 'UTF-8' encoding to copy filtered resources.
2016-05-09 23:44:50,071 [Worker-4] INFO  o.e.m.c.i.embedder.EclipseLogger - skip non existing resourceDirectory D:\Profissional\Curso Alura\TrilhaJava-Alura\TrilhaJava-Parent\TrilhaJava-Solid\src\test\resources
2016-05-09 23:45:18,513 [Worker-18] INFO  o.e.m.c.i.embedder.EclipseLogger - Using 'UTF-8' encoding to copy filtered resources.
2016-05-09 23:45:18,514 [Worker-18] INFO  o.e.m.c.i.embedder.EclipseLogger - skip non existing resourceDirectory D:\Profissional\Curso Alura\TrilhaJava-Alura\TrilhaJava-Parent\TrilhaJava-Solid\src\main\resources
2016-05-09 23:45:18,515 [Worker-18] INFO  o.e.m.c.i.embedder.EclipseLogger - Using 'UTF-8' encoding to copy filtered resources.
2016-05-09 23:45:18,515 [Worker-18] INFO  o.e.m.c.i.embedder.EclipseLogger - skip non existing resourceDirectory D:\Profissional\Curso Alura\TrilhaJava-Alura\TrilhaJava-Parent\TrilhaJava-Solid\src\test\resources
2016-05-09 23:46:17,712 [Worker-21] INFO  o.e.m.c.i.embedder.EclipseLogger - Using 'UTF-8' encoding to copy filtered resources.
2016-05-09 23:46:17,713 [Worker-21] INFO  o.e.m.c.i.embedder.EclipseLogger - skip non existing resourceDirectory D:\Profissional\Curso Alura\TrilhaJava-Alura\TrilhaJava-Parent\TrilhaJava-Solid\src\main\resources
2016-05-09 23:46:17,713 [Worker-21] INFO  o.e.m.c.i.embedder.EclipseLogger - Using 'UTF-8' encoding to copy filtered resources.
2016-05-09 23:46:17,713 [Worker-21] INFO  o.e.m.c.i.embedder.EclipseLogger - skip non existing resourceDirectory D:\Profissional\Curso Alura\TrilhaJava-Alura\TrilhaJava-Parent\TrilhaJava-Solid\src\test\resources
2016-05-09 23:46:43,591 [Worker-21] INFO  o.e.m.c.i.embedder.EclipseLogger - Using 'UTF-8' encoding to copy filtered resources.
2016-05-09 23:46:43,592 [Worker-21] INFO  o.e.m.c.i.embedder.EclipseLogger - skip non existing resourceDirectory D:\Profissional\Curso Alura\TrilhaJava-Alura\TrilhaJava-Parent\TrilhaJava-Solid\src\main\resources
2016-05-09 23:46:43,592 [Worker-21] INFO  o.e.m.c.i.embedder.EclipseLogger - Using 'UTF-8' encoding to copy filtered resources.
2016-05-09 23:46:43,592 [Worker-21] INFO  o.e.m.c.i.embedder.EclipseLogger - skip non existing resourceDirectory D:\Profissional\Curso Alura\TrilhaJava-Alura\TrilhaJava-Parent\TrilhaJava-Solid\src\test\resources
2016-05-09 23:46:56,215 [Worker-22] INFO  o.e.m.c.i.embedder.EclipseLogger - Using 'UTF-8' encoding to copy filtered resources.
2016-05-09 23:46:56,215 [Worker-22] INFO  o.e.m.c.i.embedder.EclipseLogger - skip non existing resourceDirectory D:\Profissional\Curso Alura\TrilhaJava-Alura\TrilhaJava-Parent\TrilhaJava-Solid\src\main\resources
2016-05-09 23:46:56,216 [Worker-22] INFO  o.e.m.c.i.embedder.EclipseLogger - Using 'UTF-8' encoding to copy filtered resources.
2016-05-09 23:46:56,216 [Worker-22] INFO  o.e.m.c.i.embedder.EclipseLogger - skip non existing resourceDirectory D:\Profissional\Curso Alura\TrilhaJava-Alura\TrilhaJava-Parent\TrilhaJava-Solid\src\test\resources
2016-05-09 23:47:06,364 [Worker-21] INFO  o.e.m.c.i.embedder.EclipseLogger - Using 'UTF-8' encoding to copy filtered resources.
2016-05-09 23:47:06,364 [Worker-21] INFO  o.e.m.c.i.embedder.EclipseLogger - skip non existing resourceDirectory D:\Profissional\Curso Alura\TrilhaJava-Alura\TrilhaJava-Parent\TrilhaJava-Solid\src\main\resources
2016-05-09 23:47:06,364 [Worker-21] INFO  o.e.m.c.i.embedder.EclipseLogger - Using 'UTF-8' encoding to copy filtered resources.
2016-05-09 23:47:06,364 [Worker-21] INFO  o.e.m.c.i.embedder.EclipseLogger - skip non existing resourceDirectory D:\Profissional\Curso Alura\TrilhaJava-Alura\TrilhaJava-Parent\TrilhaJava-Solid\src\test\resources
2016-05-09 23:51:46,121 [Worker-23] INFO  o.e.m.c.i.embedder.EclipseLogger - Using 'UTF-8' encoding to copy filtered resources.
2016-05-09 23:51:46,121 [Worker-23] INFO  o.e.m.c.i.embedder.EclipseLogger - skip non existing resourceDirectory D:\Profissional\Curso Alura\TrilhaJava-Alura\TrilhaJava-Parent\TrilhaJava-Solid\src\main\resources
2016-05-09 23:51:46,121 [Worker-23] INFO  o.e.m.c.i.embedder.EclipseLogger - Using 'UTF-8' encoding to copy filtered resources.
2016-05-09 23:51:46,122 [Worker-23] INFO  o.e.m.c.i.embedder.EclipseLogger - skip non existing resourceDirectory D:\Profissional\Curso Alura\TrilhaJava-Alura\TrilhaJava-Parent\TrilhaJava-Solid\src\test\resources
2016-05-09 23:51:55,342 [Worker-20] INFO  o.e.m.c.i.embedder.EclipseLogger - Using 'UTF-8' encoding to copy filtered resources.
2016-05-09 23:51:55,342 [Worker-20] INFO  o.e.m.c.i.embedder.EclipseLogger - skip non existing resourceDirectory D:\Profissional\Curso Alura\TrilhaJava-Alura\TrilhaJava-Parent\TrilhaJava-Solid\src\main\resources
2016-05-09 23:51:55,343 [Worker-20] INFO  o.e.m.c.i.embedder.EclipseLogger - Using 'UTF-8' encoding to copy filtered resources.
2016-05-09 23:51:55,343 [Worker-20] INFO  o.e.m.c.i.embedder.EclipseLogger - skip non existing resourceDirectory D:\Profissional\Curso Alura\TrilhaJava-Alura\TrilhaJava-Parent\TrilhaJava-Solid\src\test\resources
2016-05-09 23:52:07,478 [Worker-23] INFO  o.e.m.c.i.embedder.EclipseLogger - Using 'UTF-8' encoding to copy filtered resources.
2016-05-09 23:52:07,478 [Worker-23] INFO  o.e.m.c.i.embedder.EclipseLogger - skip non existing resourceDirectory D:\Profissional\Curso Alura\TrilhaJava-Alura\TrilhaJava-Parent\TrilhaJava-Solid\src\main\resources
2016-05-09 23:52:07,478 [Worker-23] INFO  o.e.m.c.i.embedder.EclipseLogger - Using 'UTF-8' encoding to copy filtered resources.
2016-05-09 23:52:07,478 [Worker-23] INFO  o.e.m.c.i.embedder.EclipseLogger - skip non existing resourceDirectory D:\Profissional\Curso Alura\TrilhaJava-Alura\TrilhaJava-Parent\TrilhaJava-Solid\src\test\resources
2016-05-09 23:52:08,576 [Worker-27] INFO  o.e.m.c.i.embedder.EclipseLogger - Using 'UTF-8' encoding to copy filtered resources.
2016-05-09 23:52:08,576 [Worker-27] INFO  o.e.m.c.i.embedder.EclipseLogger - skip non existing resourceDirectory D:\Profissional\Curso Alura\TrilhaJava-Alura\TrilhaJava-Parent\TrilhaJava-Solid\src\main\resources
2016-05-09 23:52:08,576 [Worker-27] INFO  o.e.m.c.i.embedder.EclipseLogger - Using 'UTF-8' encoding to copy filtered resources.
2016-05-09 23:52:08,576 [Worker-27] INFO  o.e.m.c.i.embedder.EclipseLogger - skip non existing resourceDirectory D:\Profissional\Curso Alura\TrilhaJava-Alura\TrilhaJava-Parent\TrilhaJava-Solid\src\test\resources
2016-05-09 23:52:18,605 [Worker-23] INFO  o.e.m.c.i.embedder.EclipseLogger - Using 'UTF-8' encoding to copy filtered resources.
2016-05-09 23:52:18,606 [Worker-23] INFO  o.e.m.c.i.embedder.EclipseLogger - skip non existing resourceDirectory D:\Profissional\Curso Alura\TrilhaJava-Alura\TrilhaJava-Parent\TrilhaJava-Solid\src\main\resources
2016-05-09 23:52:18,606 [Worker-23] INFO  o.e.m.c.i.embedder.EclipseLogger - Using 'UTF-8' encoding to copy filtered resources.
2016-05-09 23:52:18,606 [Worker-23] INFO  o.e.m.c.i.embedder.EclipseLogger - skip non existing resourceDirectory D:\Profissional\Curso Alura\TrilhaJava-Alura\TrilhaJava-Parent\TrilhaJava-Solid\src\test\resources
2016-05-09 23:52:31,453 [Worker-20] INFO  o.e.m.c.i.embedder.EclipseLogger - Using 'UTF-8' encoding to copy filtered resources.
2016-05-09 23:52:31,453 [Worker-20] INFO  o.e.m.c.i.embedder.EclipseLogger - skip non existing resourceDirectory D:\Profissional\Curso Alura\TrilhaJava-Alura\TrilhaJava-Parent\TrilhaJava-Solid\src\main\resources
2016-05-09 23:52:31,453 [Worker-20] INFO  o.e.m.c.i.embedder.EclipseLogger - Using 'UTF-8' encoding to copy filtered resources.
2016-05-09 23:52:31,453 [Worker-20] INFO  o.e.m.c.i.embedder.EclipseLogger - skip non existing resourceDirectory D:\Profissional\Curso Alura\TrilhaJava-Alura\TrilhaJava-Parent\TrilhaJava-Solid\src\test\resources
2016-05-09 23:52:54,866 [Worker-25] INFO  o.e.m.c.i.embedder.EclipseLogger - Using 'UTF-8' encoding to copy filtered resources.
2016-05-09 23:52:54,867 [Worker-25] INFO  o.e.m.c.i.embedder.EclipseLogger - skip non existing resourceDirectory D:\Profissional\Curso Alura\TrilhaJava-Alura\TrilhaJava-Parent\TrilhaJava-Solid\src\main\resources
2016-05-09 23:52:54,867 [Worker-25] INFO  o.e.m.c.i.embedder.EclipseLogger - Using 'UTF-8' encoding to copy filtered resources.
2016-05-09 23:52:54,867 [Worker-25] INFO  o.e.m.c.i.embedder.EclipseLogger - skip non existing resourceDirectory D:\Profissional\Curso Alura\TrilhaJava-Alura\TrilhaJava-Parent\TrilhaJava-Solid\src\test\resources
2016-05-09 23:53:02,919 [Worker-26] INFO  o.e.m.c.i.embedder.EclipseLogger - Using 'UTF-8' encoding to copy filtered resources.
2016-05-09 23:53:02,919 [Worker-26] INFO  o.e.m.c.i.embedder.EclipseLogger - skip non existing resourceDirectory D:\Profissional\Curso Alura\TrilhaJava-Alura\TrilhaJava-Parent\TrilhaJava-Solid\src\main\resources
2016-05-09 23:53:02,919 [Worker-26] INFO  o.e.m.c.i.embedder.EclipseLogger - Using 'UTF-8' encoding to copy filtered resources.
2016-05-09 23:53:02,919 [Worker-26] INFO  o.e.m.c.i.embedder.EclipseLogger - skip non existing resourceDirectory D:\Profissional\Curso Alura\TrilhaJava-Alura\TrilhaJava-Parent\TrilhaJava-Solid\src\test\resources
2016-05-09 23:53:14,143 [Worker-26] INFO  o.e.m.c.i.embedder.EclipseLogger - Using 'UTF-8' encoding to copy filtered resources.
2016-05-09 23:53:14,143 [Worker-26] INFO  o.e.m.c.i.embedder.EclipseLogger - skip non existing resourceDirectory D:\Profissional\Curso Alura\TrilhaJava-Alura\TrilhaJava-Parent\TrilhaJava-Solid\src\main\resources
2016-05-09 23:53:14,144 [Worker-26] INFO  o.e.m.c.i.embedder.EclipseLogger - Using 'UTF-8' encoding to copy filtered resources.
2016-05-09 23:53:14,144 [Worker-26] INFO  o.e.m.c.i.embedder.EclipseLogger - skip non existing resourceDirectory D:\Profissional\Curso Alura\TrilhaJava-Alura\TrilhaJava-Parent\TrilhaJava-Solid\src\test\resources
2016-05-09 23:53:21,638 [Worker-27] INFO  o.e.m.c.i.embedder.EclipseLogger - Using 'UTF-8' encoding to copy filtered resources.
2016-05-09 23:53:21,638 [Worker-27] INFO  o.e.m.c.i.embedder.EclipseLogger - skip non existing resourceDirectory D:\Profissional\Curso Alura\TrilhaJava-Alura\TrilhaJava-Parent\TrilhaJava-Solid\src\main\resources
2016-05-09 23:53:21,639 [Worker-27] INFO  o.e.m.c.i.embedder.EclipseLogger - Using 'UTF-8' encoding to copy filtered resources.
2016-05-09 23:53:21,639 [Worker-27] INFO  o.e.m.c.i.embedder.EclipseLogger - skip non existing resourceDirectory D:\Profissional\Curso Alura\TrilhaJava-Alura\TrilhaJava-Parent\TrilhaJava-Solid\src\test\resources
2016-05-09 23:55:43,520 [Worker-27] INFO  o.e.m.c.i.embedder.EclipseLogger - Using 'UTF-8' encoding to copy filtered resources.
2016-05-09 23:55:43,520 [Worker-27] INFO  o.e.m.c.i.embedder.EclipseLogger - skip non existing resourceDirectory D:\Profissional\Curso Alura\TrilhaJava-Alura\TrilhaJava-Parent\TrilhaJava-Solid\src\main\resources
2016-05-09 23:55:43,520 [Worker-27] INFO  o.e.m.c.i.embedder.EclipseLogger - Using 'UTF-8' encoding to copy filtered resources.
2016-05-09 23:55:43,520 [Worker-27] INFO  o.e.m.c.i.embedder.EclipseLogger - skip non existing resourceDirectory D:\Profissional\Curso Alura\TrilhaJava-Alura\TrilhaJava-Parent\TrilhaJava-Solid\src\test\resources
2016-05-09 23:56:35,502 [Worker-4] INFO  o.e.m.c.i.embedder.EclipseLogger - Using 'UTF-8' encoding to copy filtered resources.
2016-05-09 23:56:35,503 [Worker-4] INFO  o.e.m.c.i.embedder.EclipseLogger - skip non existing resourceDirectory D:\Profissional\Curso Alura\TrilhaJava-Alura\TrilhaJava-Parent\TrilhaJava-Solid\src\main\resources
2016-05-09 23:56:35,503 [Worker-4] INFO  o.e.m.c.i.embedder.EclipseLogger - Using 'UTF-8' encoding to copy filtered resources.
2016-05-09 23:56:35,503 [Worker-4] INFO  o.e.m.c.i.embedder.EclipseLogger - skip non existing resourceDirectory D:\Profissional\Curso Alura\TrilhaJava-Alura\TrilhaJava-Parent\TrilhaJava-Solid\src\test\resources
2016-05-09 23:56:37,574 [Worker-20] INFO  o.e.m.c.i.embedder.EclipseLogger - Using 'UTF-8' encoding to copy filtered resources.
2016-05-09 23:56:37,575 [Worker-20] INFO  o.e.m.c.i.embedder.EclipseLogger - skip non existing resourceDirectory D:\Profissional\Curso Alura\TrilhaJava-Alura\TrilhaJava-Parent\TrilhaJava-Solid\src\main\resources
2016-05-09 23:56:37,575 [Worker-20] INFO  o.e.m.c.i.embedder.EclipseLogger - Using 'UTF-8' encoding to copy filtered resources.
2016-05-09 23:56:37,575 [Worker-20] INFO  o.e.m.c.i.embedder.EclipseLogger - skip non existing resourceDirectory D:\Profissional\Curso Alura\TrilhaJava-Alura\TrilhaJava-Parent\TrilhaJava-Solid\src\test\resources
2016-05-09 23:56:44,198 [Worker-26] INFO  o.e.m.c.i.embedder.EclipseLogger - Using 'UTF-8' encoding to copy filtered resources.
2016-05-09 23:56:44,198 [Worker-26] INFO  o.e.m.c.i.embedder.EclipseLogger - skip non existing resourceDirectory D:\Profissional\Curso Alura\TrilhaJava-Alura\TrilhaJava-Parent\TrilhaJava-Solid\src\main\resources
2016-05-09 23:56:44,198 [Worker-26] INFO  o.e.m.c.i.embedder.EclipseLogger - Using 'UTF-8' encoding to copy filtered resources.
2016-05-09 23:56:44,198 [Worker-26] INFO  o.e.m.c.i.embedder.EclipseLogger - skip non existing resourceDirectory D:\Profissional\Curso Alura\TrilhaJava-Alura\TrilhaJava-Parent\TrilhaJava-Solid\src\test\resources
2016-05-09 23:56:52,310 [Worker-23] INFO  o.e.m.c.i.embedder.EclipseLogger - Using 'UTF-8' encoding to copy filtered resources.
2016-05-09 23:56:52,310 [Worker-23] INFO  o.e.m.c.i.embedder.EclipseLogger - skip non existing resourceDirectory D:\Profissional\Curso Alura\TrilhaJava-Alura\TrilhaJava-Parent\TrilhaJava-Solid\src\main\resources
2016-05-09 23:56:52,310 [Worker-23] INFO  o.e.m.c.i.embedder.EclipseLogger - Using 'UTF-8' encoding to copy filtered resources.
2016-05-09 23:56:52,310 [Worker-23] INFO  o.e.m.c.i.embedder.EclipseLogger - skip non existing resourceDirectory D:\Profissional\Curso Alura\TrilhaJava-Alura\TrilhaJava-Parent\TrilhaJava-Solid\src\test\resources
2016-05-09 23:56:55,327 [Worker-29] INFO  o.e.m.c.i.embedder.EclipseLogger - Using 'UTF-8' encoding to copy filtered resources.
2016-05-09 23:56:55,327 [Worker-29] INFO  o.e.m.c.i.embedder.EclipseLogger - skip non existing resourceDirectory D:\Profissional\Curso Alura\TrilhaJava-Alura\TrilhaJava-Parent\TrilhaJava-Solid\src\main\resources
2016-05-09 23:56:55,328 [Worker-29] INFO  o.e.m.c.i.embedder.EclipseLogger - Using 'UTF-8' encoding to copy filtered resources.
2016-05-09 23:56:55,328 [Worker-29] INFO  o.e.m.c.i.embedder.EclipseLogger - skip non existing resourceDirectory D:\Profissional\Curso Alura\TrilhaJava-Alura\TrilhaJava-Parent\TrilhaJava-Solid\src\test\resources
2016-05-09 23:58:11,759 [Worker-24] INFO  o.e.m.c.i.embedder.EclipseLogger - Using 'UTF-8' encoding to copy filtered resources.
2016-05-09 23:58:11,759 [Worker-24] INFO  o.e.m.c.i.embedder.EclipseLogger - skip non existing resourceDirectory D:\Profissional\Curso Alura\TrilhaJava-Alura\TrilhaJava-Parent\TrilhaJava-Solid\src\main\resources
2016-05-09 23:58:11,761 [Worker-24] INFO  o.e.m.c.i.embedder.EclipseLogger - Using 'UTF-8' encoding to copy filtered resources.
2016-05-09 23:58:11,761 [Worker-24] INFO  o.e.m.c.i.embedder.EclipseLogger - skip non existing resourceDirectory D:\Profissional\Curso Alura\TrilhaJava-Alura\TrilhaJava-Parent\TrilhaJava-Solid\src\test\resources
2016-05-09 23:58:40,398 [Worker-25] INFO  o.e.m.c.i.embedder.EclipseLogger - Using 'UTF-8' encoding to copy filtered resources.
2016-05-09 23:58:40,399 [Worker-25] INFO  o.e.m.c.i.embedder.EclipseLogger - skip non existing resourceDirectory D:\Profissional\Curso Alura\TrilhaJava-Alura\TrilhaJava-Parent\TrilhaJava-Solid\src\main\resources
2016-05-09 23:58:40,399 [Worker-25] INFO  o.e.m.c.i.embedder.EclipseLogger - Using 'UTF-8' encoding to copy filtered resources.
2016-05-09 23:58:40,399 [Worker-25] INFO  o.e.m.c.i.embedder.EclipseLogger - skip non existing resourceDirectory D:\Profissional\Curso Alura\TrilhaJava-Alura\TrilhaJava-Parent\TrilhaJava-Solid\src\test\resources
